#
# A fatal error has been detected by the Java Runtime Environment:
#
#  SIGSEGV (0xb) at pc=0x00007fff2044181d, pid=15951, tid=259
#
# JRE version: Java(TM) SE Runtime Environment (8.0_74-b02) (build 1.8.0_74-b02)
# Java VM: Java HotSpot(TM) 64-Bit Server VM (25.74-b02 mixed mode bsd-amd64 compressed oops)
# Problematic frame:
# C  [libobjc.A.dylib+0x681d]  objc_msgSend+0x1d
#
# Failed to write core dump. Core dumps have been disabled. To enable core dumping, try "ulimit -c unlimited" before starting Java again
#
# If you would like to submit a bug report, please visit:
#   http://bugreport.java.com/bugreport/crash.jsp
# The crash happened outside the Java Virtual Machine in native code.
# See problematic frame for where to report the bug.
#

---------------  T H R E A D  ---------------

Current thread (0x00007ff933c41000):  JavaThread "AppKit Thread" daemon [_thread_in_native, id=259, stack(0x00007ffee18bb000,0x00007ffee20bb000)]

siginfo: si_signo: 11 (SIGSEGV), si_code: 1 (SEGV_MAPERR), si_addr: 0x000065746e496c78

Registers:
RAX=0x000065746e496c60, RBX=0x0701ce1722770000, RCX=0x00007fff802e2420, RDX=0x00007fff20467b08
RSP=0x00007ffee20b3ce8, RBP=0x00007ffee20b4d90, RSI=0x00007fff7b86983b, RDI=0x00007ff9333f1fa0
R8 =0x000000000000001e, R9 =0x00000000000020a8, R10=0x000065746e496c60, R11=0x00007fff7b86983b
R12=0x00007ff92f60a310, R13=0x00007ff93336e748, R14=0x07025bf4430466b5, R15=0x00007ff93336e730
RIP=0x00007fff2044181d, EFLAGS=0x0000000000010206, ERR=0x0000000000000004
  TRAPNO=0x000000000000000e

Top of Stack: (sp=0x00007ffee20b3ce8)
0x00007ffee20b3ce8:   00007fff206b391d 00007ff92f60a310
0x00007ffee20b3cf8:   41e77f03c0000000 00007ff92f60a320
0x00007ffee20b3d08:   00007ff92f60a3d0 00007ff92f60a460
0x00007ffee20b3d18:   07025bf4430466b5 00008ddd208d66b5
0x00007ffee20b3d28:   00007ff92f60a310 0000000000000000
0x00007ffee20b3d38:   0000000000000000 0000000000000000
0x00007ffee20b3d48:   0000000000000000 0000000000000000
0x00007ffee20b3d58:   0000000000000000 0000000000000000
0x00007ffee20b3d68:   0000000000000000 0000000000000000
0x00007ffee20b3d78:   0000000000000000 0000000000000000
0x00007ffee20b3d88:   0000000000000000 0000000000000000
0x00007ffee20b3d98:   0000000000000000 0000000000000000
0x00007ffee20b3da8:   0000000000000000 0000000000000000
0x00007ffee20b3db8:   0000000000000000 0000000000000000
0x00007ffee20b3dc8:   0000000000000000 0000000000000000
0x00007ffee20b3dd8:   0000000000000000 0000000000000000
0x00007ffee20b3de8:   0000000000000000 0000000000000000
0x00007ffee20b3df8:   0000000000000000 0000000000000000
0x00007ffee20b3e08:   0000000000000000 0000000000000000
0x00007ffee20b3e18:   0000000000000000 0000000000000000
0x00007ffee20b3e28:   0000000000000000 0000000000000000
0x00007ffee20b3e38:   0000000000000000 0000000000000000
0x00007ffee20b3e48:   0000000000000000 0000000000000000
0x00007ffee20b3e58:   0000000000000000 0000000000000000
0x00007ffee20b3e68:   0000000000000000 0000000000000000
0x00007ffee20b3e78:   0000000000000000 0000000000000000
0x00007ffee20b3e88:   0000000000000000 0000000000000000
0x00007ffee20b3e98:   0000000000000000 0000000000000000
0x00007ffee20b3ea8:   0000000000000000 0000000000000000
0x00007ffee20b3eb8:   0000000000000000 0000000000000000
0x00007ffee20b3ec8:   0000000000000000 0000000000000000
0x00007ffee20b3ed8:   0000000000000000 0000000000000000 

Instructions: (pc=0x00007fff2044181d)
0x00007fff204417fd:   44 00 00 48 85 ff 2e 74 72 40 f6 c7 01 2e 75 76
0x00007fff2044180d:   49 ba f8 ff ff ff ff 7f 00 00 4c 23 17 49 89 f3
0x00007fff2044181d:   45 23 5a 18 49 c1 e3 04 4d 03 5a 10 49 3b 33 75
0x00007fff2044182d:   0a 4d 8b 5b 08 4d 31 d3 41 ff e3 49 83 3b 01 76 

Register to memory mapping:

RAX=0x000065746e496c60 is an unknown value
RBX=0x0701ce1722770000 is an unknown value
RCX=0x00007fff802e2420: OBJC_CLASS_$___NSCFSet+0 in /System/Library/Frameworks/CoreFoundation.framework/Versions/A/CoreFoundation at 0x00007fff2061b000
RDX=0x00007fff20467b08: objc_debug_isa_class_mask+0 in /usr/lib/libobjc.A.dylib at 0x00007fff2043b000
RSP=0x00007ffee20b3ce8 is pointing into the stack for thread: 0x00007ff933c41000
RBP=0x00007ffee20b4d90 is pointing into the stack for thread: 0x00007ff933c41000
RSI=0x00007fff7b86983b: GCC_except_table772+0x5b3f8f2b in /usr/lib/libobjc.A.dylib at 0x00007fff2043b000
RDI=0x00007ff9333f1fa0 is an unknown value
R8 =0x000000000000001e is an unknown value
R9 =0x00000000000020a8 is an unknown value
R10=0x000065746e496c60 is an unknown value
R11=0x00007fff7b86983b: GCC_except_table772+0x5b3f8f2b in /usr/lib/libobjc.A.dylib at 0x00007fff2043b000
R12=0x00007ff92f60a310 is an unknown value
R13=0x00007ff93336e748 is an unknown value
R14=0x07025bf4430466b5 is an unknown value
R15=0x00007ff93336e730 is an unknown value


Stack: [0x00007ffee18bb000,0x00007ffee20bb000],  sp=0x00007ffee20b3ce8,  free space=8163k
Native frames: (J=compiled Java code, j=interpreted, Vv=VM code, C=native code)
C  [libobjc.A.dylib+0x681d]  objc_msgSend+0x1d
C  [CoreFoundation+0x982fa]  __CFRunLoopDoTimers+0x133
C  [CoreFoundation+0x7eed3]  __CFRunLoopRun+0x7c4
C  [CoreFoundation+0x7e04c]  CFRunLoopRunSpecific+0x233
C  [HIToolbox+0x30a83]  RunCurrentEventLoopInMode+0x124
C  [HIToolbox+0x307e5]  ReceiveNextEventCommon+0x24b
C  [HIToolbox+0x30583]  _BlockUntilNextEventMatchingListInModeWithFilter+0x46
C  [AppKit+0x3ed72]  _DPSNextEvent+0x360
C  [AppKit+0x3d545]  -[NSApplication(NSEvent) _nextEventMatchingEventMask:untilDate:inMode:dequeue:]+0x554
C  [libosxapp.dylib+0x23aa]  -[NSApplicationAWT nextEventMatchingMask:untilDate:inMode:dequeue:]+0x7c
C  [AppKit+0x2f869]  -[NSApplication run]+0x24a
C  [libosxapp.dylib+0x214d]  +[NSApplicationAWT runAWTLoopWithApp:]+0x9c
C  [libawt_lwawt.dylib+0x4455b]  -[AWTStarter starter:]+0x389
C  [Foundation+0x80b91]  __NSThreadPerformPerform+0xcc
C  [CoreFoundation+0x8037c]  __CFRUNLOOP_IS_CALLING_OUT_TO_A_SOURCE0_PERFORM_FUNCTION__+0x11
C  [CoreFoundation+0x802e4]  __CFRunLoopDoSource0+0xb4
C  [CoreFoundation+0x80064]  __CFRunLoopDoSources0+0xf2
C  [CoreFoundation+0x7ea8c]  __CFRunLoopRun+0x37d
C  [CoreFoundation+0x7e04c]  CFRunLoopRunSpecific+0x233
C  [java+0x6463]  CreateExecutionEnvironment+0x367
C  [java+0x21ac]  JLI_Launch+0x7a0
C  [java+0x84c0]  main+0x65
C  [java+0x1a04]  start+0x34
C  0x0000000000000025


---------------  P R O C E S S  ---------------

Java Threads: ( => current thread )
  0x00007ff93407d800 JavaThread "Java2D Disposer" daemon [_thread_blocked, id=56447, stack(0x0000700006351000,0x0000700006451000)]
  0x00007ff93930b800 JavaThread "Thread-3" [_thread_in_native, id=75011, stack(0x000070000624e000,0x000070000634e000)]
  0x00007ff935cd3800 JavaThread "process reaper" daemon [_thread_blocked, id=4103, stack(0x000070000551b000,0x0000700005543000)]
  0x00007ff931374000 JavaThread "Timer hack thread" daemon [_thread_blocked, id=77159, stack(0x000070000614b000,0x000070000624b000)]
  0x00007ff935a51000 JavaThread "Snooper Timer" daemon [_thread_blocked, id=79947, stack(0x0000700005fc5000,0x00007000060c5000)]
  0x00007ff93455d800 JavaThread "AWT-Shutdown" [_thread_blocked, id=38427, stack(0x0000700005cb6000,0x0000700005db6000)]
=>0x00007ff933c41000 JavaThread "AppKit Thread" daemon [_thread_in_native, id=259, stack(0x00007ffee18bb000,0x00007ffee20bb000)]
  0x00007ff931020800 JavaThread "Service Thread" daemon [_thread_blocked, id=18691, stack(0x0000700005a2d000,0x0000700005b2d000)]
  0x00007ff930035800 JavaThread "C1 CompilerThread2" daemon [_thread_blocked, id=18947, stack(0x000070000592a000,0x0000700005a2a000)]
  0x00007ff92f878000 JavaThread "C2 CompilerThread1" daemon [_thread_in_native, id=19203, stack(0x0000700005827000,0x0000700005927000)]
  0x00007ff92f844800 JavaThread "C2 CompilerThread0" daemon [_thread_in_native, id=14595, stack(0x0000700005724000,0x0000700005824000)]
  0x00007ff92f80d000 JavaThread "Signal Dispatcher" daemon [_thread_blocked, id=14339, stack(0x0000700005621000,0x0000700005721000)]
  0x00007ff93002e000 JavaThread "Finalizer" daemon [_thread_blocked, id=11267, stack(0x0000700005418000,0x0000700005518000)]
  0x00007ff930813000 JavaThread "Reference Handler" daemon [_thread_blocked, id=20995, stack(0x0000700005315000,0x0000700005415000)]
  0x00007ff930008800 JavaThread "Client thread" [_thread_in_vm, id=3843, stack(0x0000700004d03000,0x0000700004e03000)]

Other Threads:
  0x00007ff93000e000 VMThread [stack: 0x0000700005212000,0x0000700005312000] [id=21507]
  0x00007ff93081e000 WatcherThread [stack: 0x0000700005b30000,0x0000700005c30000] [id=18435]

VM state:not at safepoint (normal execution)

VM Mutex/Monitor currently owned by a thread:  ([mutex/lock_event])
[0x00007ff92f60c500] MethodCompileQueue_lock - owner thread: 0x00007ff930035800

Heap:
 PSYoungGen      total 594944K, used 87531K [0x000000076ab00000, 0x00000007a1380000, 0x00000007c0000000)
  eden space 548864K, 15% used [0x000000076ab00000,0x000000077007ac00,0x000000078c300000)
  from space 46080K, 0% used [0x000000078c300000,0x000000078c300000,0x000000078f000000)
  to   space 48128K, 0% used [0x000000079e480000,0x000000079e480000,0x00000007a1380000)
 ParOldGen       total 260608K, used 100890K [0x00000006c0000000, 0x00000006cfe80000, 0x000000076ab00000)
  object space 260608K, 38% used [0x00000006c0000000,0x00000006c6286918,0x00000006cfe80000)
 Metaspace       used 36915K, capacity 37373K, committed 37632K, reserved 1081344K
  class space    used 4888K, capacity 5044K, committed 5120K, reserved 1048576K

Card table byte_map: [0x0000000110f8f000,0x0000000111790000] byte_map_base: 0x000000010d98f000

Marking Bits: (ParMarkBitMap*) 0x00000001108e3ea0
 Begin Bits: [0x0000000111ce6000, 0x0000000115ce6000)
 End Bits:   [0x0000000115ce6000, 0x0000000119ce6000)

Polling page: 0x000000010dbb7000

CodeCache: size=245760Kb used=12195Kb max_used=13415Kb free=233564Kb
 bounds [0x000000011d911000, 0x000000011e6c1000, 0x000000012c911000]
 total_blobs=4308 nmethods=3664 adapters=556
 compilation: enabled

Compilation events (10 events):
Event: 18.513 Thread 0x00007ff930035800 nmethod 4293 0x000000011e2188d0 code [0x000000011e218a40, 0x000000011e218bc8]
Event: 18.513 Thread 0x00007ff930035800 4294       2       com.sun.imageio.plugins.png.PNGImageReader::updateImageProgress (29 bytes)
Event: 18.513 Thread 0x00007ff930035800 nmethod 4294 0x000000011da66150 code [0x000000011da662e0, 0x000000011da66468]
Event: 18.513 Thread 0x00007ff930035800 4299       3       sun.awt.image.ByteInterleavedRaster::getDataElements (132 bytes)
Event: 18.513 Thread 0x00007ff930035800 nmethod 4299 0x000000011dac9910 code [0x000000011dac9ac0, 0x000000011daca0e8]
Event: 18.513 Thread 0x00007ff930035800 4295       2       javax.imageio.ImageReader::processImageProgress (56 bytes)
Event: 18.514 Thread 0x00007ff930035800 nmethod 4295 0x000000011da65b10 code [0x000000011da65ca0, 0x000000011da65fa8]
Event: 18.514 Thread 0x00007ff930035800 4296       2       sun.awt.image.ByteInterleavedRaster::setRect (187 bytes)
Event: 18.514 Thread 0x00007ff930035800 nmethod 4296 0x000000011dcc8e90 code [0x000000011dcc9000, 0x000000011dcc9298]
Event: 18.519 Thread 0x00007ff930035800 4301 % !   3       net.minecraftforge.fml.client.SplashProgress$Texture::<init> @ 475 (636 bytes)

GC Heap History (10 events):
Event: 13.842 GC heap before
{Heap before GC invocations=9 (full 1):
 PSYoungGen      total 306176K, used 283727K [0x000000076ab00000, 0x0000000789780000, 0x00000007c0000000)
  eden space 262144K, 100% used [0x000000076ab00000,0x000000077ab00000,0x000000077ab00000)
  from space 44032K, 49% used [0x000000077ab00000,0x000000077c013dc0,0x000000077d600000)
  to   space 41984K, 0% used [0x0000000786e80000,0x0000000786e80000,0x0000000789780000)
 ParOldGen       total 175104K, used 50101K [0x00000006c0000000, 0x00000006cab00000, 0x000000076ab00000)
  object space 175104K, 28% used [0x00000006c0000000,0x00000006c30ed608,0x00000006cab00000)
 Metaspace       used 26740K, capacity 27088K, committed 27264K, reserved 1073152K
  class space    used 3284K, capacity 3401K, committed 3456K, reserved 1048576K
Event: 13.867 GC heap after
Heap after GC invocations=9 (full 1):
 PSYoungGen      total 440832K, used 25652K [0x000000076ab00000, 0x0000000788b80000, 0x00000007c0000000)
  eden space 411136K, 0% used [0x000000076ab00000,0x000000076ab00000,0x0000000783c80000)
  from space 29696K, 86% used [0x0000000786e80000,0x000000078878d008,0x0000000788b80000)
  to   space 40448K, 0% used [0x0000000783c80000,0x0000000783c80000,0x0000000786400000)
 ParOldGen       total 175104K, used 50109K [0x00000006c0000000, 0x00000006cab00000, 0x000000076ab00000)
  object space 175104K, 28% used [0x00000006c0000000,0x00000006c30ef608,0x00000006cab00000)
 Metaspace       used 26740K, capacity 27088K, committed 27264K, reserved 1073152K
  class space    used 3284K, capacity 3401K, committed 3456K, reserved 1048576K
}
Event: 15.968 GC heap before
{Heap before GC invocations=10 (full 1):
 PSYoungGen      total 440832K, used 436788K [0x000000076ab00000, 0x0000000788b80000, 0x00000007c0000000)
  eden space 411136K, 100% used [0x000000076ab00000,0x0000000783c80000,0x0000000783c80000)
  from space 29696K, 86% used [0x0000000786e80000,0x000000078878d008,0x0000000788b80000)
  to   space 40448K, 0% used [0x0000000783c80000,0x0000000783c80000,0x0000000786400000)
 ParOldGen       total 175104K, used 50109K [0x00000006c0000000, 0x00000006cab00000, 0x000000076ab00000)
  object space 175104K, 28% used [0x00000006c0000000,0x00000006c30ef608,0x00000006cab00000)
 Metaspace       used 29664K, capacity 30004K, committed 30208K, reserved 1075200K
  class space    used 3894K, capacity 4009K, committed 4096K, reserved 1048576K
Event: 16.006 GC heap after
Heap after GC invocations=10 (full 1):
 PSYoungGen      total 451584K, used 39760K [0x000000076ab00000, 0x0000000791c00000, 0x00000007c0000000)
  eden space 411136K, 0% used [0x000000076ab00000,0x000000076ab00000,0x0000000783c80000)
  from space 40448K, 98% used [0x0000000783c80000,0x00000007863541f0,0x0000000786400000)
  to   space 45056K, 0% used [0x000000078f000000,0x000000078f000000,0x0000000791c00000)
 ParOldGen       total 175104K, used 50117K [0x00000006c0000000, 0x00000006cab00000, 0x000000076ab00000)
  object space 175104K, 28% used [0x00000006c0000000,0x00000006c30f1608,0x00000006cab00000)
 Metaspace       used 29664K, capacity 30004K, committed 30208K, reserved 1075200K
  class space    used 3894K, capacity 4009K, committed 4096K, reserved 1048576K
}
Event: 17.278 GC heap before
{Heap before GC invocations=11 (full 1):
 PSYoungGen      total 451584K, used 450896K [0x000000076ab00000, 0x0000000791c00000, 0x00000007c0000000)
  eden space 411136K, 100% used [0x000000076ab00000,0x0000000783c80000,0x0000000783c80000)
  from space 40448K, 98% used [0x0000000783c80000,0x00000007863541f0,0x0000000786400000)
  to   space 45056K, 0% used [0x000000078f000000,0x000000078f000000,0x0000000791c00000)
 ParOldGen       total 175104K, used 50117K [0x00000006c0000000, 0x00000006cab00000, 0x000000076ab00000)
  object space 175104K, 28% used [0x00000006c0000000,0x00000006c30f1608,0x00000006cab00000)
 Metaspace       used 33528K, capacity 33978K, committed 34176K, reserved 1079296K
  class space    used 4571K, capacity 4734K, committed 4736K, reserved 1048576K
Event: 17.346 GC heap after
Heap after GC invocations=11 (full 1):
 PSYoungGen      total 593920K, used 33197K [0x000000076ab00000, 0x0000000793180000, 0x00000007c0000000)
  eden space 548864K, 0% used [0x000000076ab00000,0x000000076ab00000,0x000000078c300000)
  from space 45056K, 73% used [0x000000078f000000,0x000000079106b580,0x0000000791c00000)
  to   space 46080K, 0% used [0x000000078c300000,0x000000078c300000,0x000000078f000000)
 ParOldGen       total 175104K, used 72270K [0x00000006c0000000, 0x00000006cab00000, 0x000000076ab00000)
  object space 175104K, 41% used [0x00000006c0000000,0x00000006c46939f8,0x00000006cab00000)
 Metaspace       used 33528K, capacity 33978K, committed 34176K, reserved 1079296K
  class space    used 4571K, capacity 4734K, committed 4736K, reserved 1048576K
}
Event: 17.665 GC heap before
{Heap before GC invocations=12 (full 1):
 PSYoungGen      total 593920K, used 124216K [0x000000076ab00000, 0x0000000793180000, 0x00000007c0000000)
  eden space 548864K, 16% used [0x000000076ab00000,0x00000007703e2c20,0x000000078c300000)
  from space 45056K, 73% used [0x000000078f000000,0x000000079106b580,0x0000000791c00000)
  to   space 46080K, 0% used [0x000000078c300000,0x000000078c300000,0x000000078f000000)
 ParOldGen       total 175104K, used 72270K [0x00000006c0000000, 0x00000006cab00000, 0x000000076ab00000)
  object space 175104K, 41% used [0x00000006c0000000,0x00000006c46939f8,0x00000006cab00000)
 Metaspace       used 34828K, capacity 35250K, committed 35456K, reserved 1079296K
  class space    used 4724K, capacity 4906K, committed 4992K, reserved 1048576K
Event: 17.701 GC heap after
Heap after GC invocations=12 (full 1):
 PSYoungGen      total 594944K, used 2010K [0x000000076ab00000, 0x00000007a1380000, 0x00000007c0000000)
  eden space 548864K, 0% used [0x000000076ab00000,0x000000076ab00000,0x000000078c300000)
  from space 46080K, 4% used [0x000000078c300000,0x000000078c4f6818,0x000000078f000000)
  to   space 48128K, 0% used [0x000000079e480000,0x000000079e480000,0x00000007a1380000)
 ParOldGen       total 175104K, used 102209K [0x00000006c0000000, 0x00000006cab00000, 0x000000076ab00000)
  object space 175104K, 58% used [0x00000006c0000000,0x00000006c63d06f8,0x00000006cab00000)
 Metaspace       used 34828K, capacity 35250K, committed 35456K, reserved 1079296K
  class space    used 4724K, capacity 4906K, committed 4992K, reserved 1048576K
}
Event: 17.702 GC heap before
{Heap before GC invocations=13 (full 2):
 PSYoungGen      total 594944K, used 2010K [0x000000076ab00000, 0x00000007a1380000, 0x00000007c0000000)
  eden space 548864K, 0% used [0x000000076ab00000,0x000000076ab00000,0x000000078c300000)
  from space 46080K, 4% used [0x000000078c300000,0x000000078c4f6818,0x000000078f000000)
  to   space 48128K, 0% used [0x000000079e480000,0x000000079e480000,0x00000007a1380000)
 ParOldGen       total 175104K, used 102209K [0x00000006c0000000, 0x00000006cab00000, 0x000000076ab00000)
  object space 175104K, 58% used [0x00000006c0000000,0x00000006c63d06f8,0x00000006cab00000)
 Metaspace       used 34828K, capacity 35250K, committed 35456K, reserved 1079296K
  class space    used 4724K, capacity 4906K, committed 4992K, reserved 1048576K
Event: 17.986 GC heap after
Heap after GC invocations=13 (full 2):
 PSYoungGen      total 594944K, used 0K [0x000000076ab00000, 0x00000007a1380000, 0x00000007c0000000)
  eden space 548864K, 0% used [0x000000076ab00000,0x000000076ab00000,0x000000078c300000)
  from space 46080K, 0% used [0x000000078c300000,0x000000078c300000,0x000000078f000000)
  to   space 48128K, 0% used [0x000000079e480000,0x000000079e480000,0x00000007a1380000)
 ParOldGen       total 260608K, used 100890K [0x00000006c0000000, 0x00000006cfe80000, 0x000000076ab00000)
  object space 260608K, 38% used [0x00000006c0000000,0x00000006c6286918,0x00000006cfe80000)
 Metaspace       used 34828K, capacity 35250K, committed 35456K, reserved 1079296K
  class space    used 4724K, capacity 4906K, committed 4992K, reserved 1048576K
}

Deoptimization events (10 events):
Event: 16.707 Thread 0x00007ff930008800 Uncommon trap: reason=unstable_if action=reinterpret pc=0x000000011e2d8c24 method=org.objectweb.asm.Type.getArgumentsAndReturnSizes(Ljava/lang/String;)I @ 100
Event: 16.713 Thread 0x00007ff930008800 Uncommon trap: reason=unstable_if action=reinterpret pc=0x000000011e4eda94 method=org.objectweb.asm.Type.getArgumentsAndReturnSizes(Ljava/lang/String;)I @ 100
Event: 16.713 Thread 0x00007ff930008800 Uncommon trap: reason=unstable_if action=reinterpret pc=0x000000011e3da100 method=org.objectweb.asm.ClassReader.getImplicitFrame(Lorg/objectweb/asm/Context;)V @ 264
Event: 16.876 Thread 0x00007ff930008800 Uncommon trap: reason=range_check action=make_not_entrant pc=0x000000011e56ca18 method=org.objectweb.asm.Type.getType([CI)Lorg/objectweb/asm/Type; @ 2
Event: 16.938 Thread 0x00007ff930008800 Uncommon trap: reason=unstable_if action=reinterpret pc=0x000000011de0fbac method=java.util.Date.normalize()Lsun/util/calendar/BaseCalendar$Date; @ 45
Event: 18.274 Thread 0x00007ff930008800 Uncommon trap: reason=unstable_if action=reinterpret pc=0x000000011e45e714 method=net.minecraft.launchwrapper.LaunchClassLoader.getClassBytes(Ljava/lang/String;)[B @ 86
Event: 18.438 Thread 0x00007ff93930b800 Uncommon trap: reason=class_check action=maybe_recompile pc=0x000000011de74d50 method=java.util.zip.InflaterInputStream.fill()V @ 19
Event: 18.439 Thread 0x00007ff93930b800 Uncommon trap: reason=class_check action=maybe_recompile pc=0x000000011de74d50 method=java.util.zip.InflaterInputStream.fill()V @ 19
Event: 18.440 Thread 0x00007ff93930b800 Uncommon trap: reason=class_check action=maybe_recompile pc=0x000000011de74d50 method=java.util.zip.InflaterInputStream.fill()V @ 19
Event: 18.440 Thread 0x00007ff93930b800 Uncommon trap: reason=class_check action=maybe_recompile pc=0x000000011de74d50 method=java.util.zip.InflaterInputStream.fill()V @ 19

Internal exceptions (10 events):
Event: 18.301 Thread 0x00007ff930008800 Implicit null exception at 0x000000011dc02374 to 0x000000011dc033a6
Event: 18.301 Thread 0x00007ff930008800 Exception <a 'java/lang/NullPointerException'> (0x000000076dce1f48) thrown at [/Users/java_re/workspace/8-2-build-macosx-x86_64/jdk8u74/6087/hotspot/src/share/vm/runtime/sharedRuntime.cpp, line 605]
Event: 18.304 Thread 0x00007ff930008800 Implicit null exception at 0x000000011dc02374 to 0x000000011dc033a6
Event: 18.304 Thread 0x00007ff930008800 Exception <a 'java/lang/NullPointerException'> (0x000000076de02b80) thrown at [/Users/java_re/workspace/8-2-build-macosx-x86_64/jdk8u74/6087/hotspot/src/share/vm/runtime/sharedRuntime.cpp, line 605]
Event: 18.304 Thread 0x00007ff930008800 Implicit null exception at 0x000000011dc02374 to 0x000000011dc033a6
Event: 18.304 Thread 0x00007ff930008800 Exception <a 'java/lang/NullPointerException'> (0x000000076de07578) thrown at [/Users/java_re/workspace/8-2-build-macosx-x86_64/jdk8u74/6087/hotspot/src/share/vm/runtime/sharedRuntime.cpp, line 605]
Event: 18.339 Thread 0x00007ff930008800 Implicit null exception at 0x000000011dc02374 to 0x000000011dc033a6
Event: 18.339 Thread 0x00007ff930008800 Exception <a 'java/lang/NullPointerException'> (0x000000076e4adc38) thrown at [/Users/java_re/workspace/8-2-build-macosx-x86_64/jdk8u74/6087/hotspot/src/share/vm/runtime/sharedRuntime.cpp, line 605]
Event: 18.341 Thread 0x00007ff93930b800 Implicit null exception at 0x000000011dc02374 to 0x000000011dc033a6
Event: 18.341 Thread 0x00007ff93930b800 Exception <a 'java/lang/NullPointerException'> (0x000000076e6a3c78) thrown at [/Users/java_re/workspace/8-2-build-macosx-x86_64/jdk8u74/6087/hotspot/src/share/vm/runtime/sharedRuntime.cpp, line 605]

Events (10 events):
Event: 18.511 loading class net/minecraftforge/fluids/FluidRegistry$FluidRegisterEvent
Event: 18.511 loading class net/minecraftforge/fluids/FluidRegistry$FluidRegisterEvent done
Event: 18.512 loading class net/minecraftforge/fluids/FluidRegistry$1
Event: 18.512 loading class net/minecraftforge/fluids/FluidRegistry$1 done
Event: 18.513 loading class net/minecraftforge/fluids/Fluid
Event: 18.513 loading class net/minecraftforge/fluids/Fluid done
Event: 18.513 Thread 0x00007ff93930b800 DEOPT PACKING pc=0x000000011de78d8b sp=0x000070000634d750
Event: 18.513 Thread 0x00007ff93930b800 DEOPT UNPACKING pc=0x000000011d958633 sp=0x000070000634d478 mode 0
Event: 18.519 loading class net/minecraftforge/fluids/FluidRegistry$2
Event: 18.519 loading class net/minecraftforge/fluids/FluidRegistry$2 done


Dynamic libraries:
0x0000000000295000 	/System/Library/Frameworks/Cocoa.framework/Versions/A/Cocoa
0x0000000000295000 	/System/Library/Frameworks/Security.framework/Versions/A/Security
0x0000000000295000 	/System/Library/Frameworks/ApplicationServices.framework/Versions/A/ApplicationServices
0x0000000000295000 	/usr/lib/libz.1.dylib
0x0000000000295000 	/usr/lib/libSystem.B.dylib
0x0000000000295000 	/usr/lib/libobjc.A.dylib
0x0000000000295000 	/System/Library/Frameworks/CoreFoundation.framework/Versions/A/CoreFoundation
0x0000000000295000 	/System/Library/Frameworks/Foundation.framework/Versions/C/Foundation
0x0000000000295000 	/System/Library/Frameworks/AppKit.framework/Versions/C/AppKit
0x0000000000295000 	/System/Library/Frameworks/CoreData.framework/Versions/A/CoreData
0x0000000000295000 	/System/Library/PrivateFrameworks/UIFoundation.framework/Versions/A/UIFoundation
0x0000000000295000 	/System/Library/PrivateFrameworks/RemoteViewServices.framework/Versions/A/RemoteViewServices
0x0000000000295000 	/System/Library/PrivateFrameworks/XCTTargetBootstrap.framework/Versions/A/XCTTargetBootstrap
0x0000000000295000 	/usr/lib/libspindump.dylib
0x0000000000295000 	/System/Library/Frameworks/UniformTypeIdentifiers.framework/Versions/A/UniformTypeIdentifiers
0x0000000000295000 	/usr/lib/libapp_launch_measurement.dylib
0x0000000000295000 	/System/Library/PrivateFrameworks/CoreAutoLayout.framework/Versions/A/CoreAutoLayout
0x0000000000295000 	/System/Library/Frameworks/Metal.framework/Versions/A/Metal
0x0000000000295000 	/usr/lib/liblangid.dylib
0x0000000000295000 	/System/Library/PrivateFrameworks/CoreSVG.framework/Versions/A/CoreSVG
0x0000000000295000 	/System/Library/PrivateFrameworks/SkyLight.framework/Versions/A/SkyLight
0x0000000000295000 	/System/Library/Frameworks/CoreGraphics.framework/Versions/A/CoreGraphics
0x0000000000295000 	/System/Library/Frameworks/Accelerate.framework/Versions/A/Accelerate
0x0000000000295000 	/System/Library/PrivateFrameworks/IconServices.framework/Versions/A/IconServices
0x0000000000295000 	/System/Library/Frameworks/IOSurface.framework/Versions/A/IOSurface
0x0000000000295000 	/usr/lib/libDiagnosticMessagesClient.dylib
0x0000000000295000 	/System/Library/PrivateFrameworks/DFRFoundation.framework/Versions/A/DFRFoundation
0x0000000000295000 	/usr/lib/libicucore.A.dylib
0x0000000000295000 	/System/Library/Frameworks/AudioToolbox.framework/Versions/A/AudioToolbox
0x0000000000295000 	/System/Library/PrivateFrameworks/DataDetectorsCore.framework/Versions/A/DataDetectorsCore
0x0000000000295000 	/usr/lib/libMobileGestalt.dylib
0x0000000000295000 	/System/Library/Frameworks/Carbon.framework/Versions/A/Frameworks/HIToolbox.framework/Versions/A/HIToolbox
0x0000000000295000 	/System/Library/Frameworks/QuartzCore.framework/Versions/A/QuartzCore
0x0000000000295000 	/System/Library/Frameworks/Carbon.framework/Versions/A/Frameworks/SpeechRecognition.framework/Versions/A/SpeechRecognition
0x0000000000295000 	/System/Library/PrivateFrameworks/CoreUI.framework/Versions/A/CoreUI
0x0000000000295000 	/System/Library/Frameworks/CoreAudio.framework/Versions/A/CoreAudio
0x0000000000295000 	/System/Library/Frameworks/DiskArbitration.framework/Versions/A/DiskArbitration
0x0000000000295000 	/System/Library/PrivateFrameworks/MultitouchSupport.framework/Versions/A/MultitouchSupport
0x0000000000295000 	/System/Library/PrivateFrameworks/InternationalSupport.framework/Versions/A/InternationalSupport
0x0000000000295000 	/usr/lib/libenergytrace.dylib
0x0000000000295000 	/System/Library/Frameworks/IOKit.framework/Versions/A/IOKit
0x0000000000295000 	/System/Library/Frameworks/CoreServices.framework/Versions/A/CoreServices
0x0000000000295000 	/System/Library/PrivateFrameworks/PerformanceAnalysis.framework/Versions/A/PerformanceAnalysis
0x0000000000295000 	/System/Library/Frameworks/OpenGL.framework/Versions/A/OpenGL
0x0000000000295000 	/System/Library/PrivateFrameworks/UserActivity.framework/Versions/A/UserActivity
0x0000000000295000 	/System/Library/Frameworks/ColorSync.framework/Versions/A/ColorSync
0x0000000000295000 	/System/Library/Frameworks/CoreImage.framework/Versions/A/CoreImage
0x0000000000295000 	/System/Library/Frameworks/CoreText.framework/Versions/A/CoreText
0x0000000000295000 	/System/Library/Frameworks/ImageIO.framework/Versions/A/ImageIO
0x0000000000295000 	/System/Library/PrivateFrameworks/SoftLinking.framework/Versions/A/SoftLinking
0x0000000000295000 	/usr/lib/libxml2.2.dylib
0x0000000000295000 	/usr/lib/libc++.1.dylib
0x0000000000295000 	/usr/lib/libcompression.dylib
0x0000000000295000 	/System/Library/PrivateFrameworks/TextureIO.framework/Versions/A/TextureIO
0x0000000000295000 	/usr/lib/libate.dylib
0x0000000000295000 	/usr/lib/system/libcache.dylib
0x0000000000295000 	/usr/lib/system/libcommonCrypto.dylib
0x0000000000295000 	/usr/lib/system/libcompiler_rt.dylib
0x0000000000295000 	/usr/lib/system/libcopyfile.dylib
0x0000000000295000 	/usr/lib/system/libcorecrypto.dylib
0x0000000000295000 	/usr/lib/system/libdispatch.dylib
0x0000000000295000 	/usr/lib/system/libdyld.dylib
0x0000000000295000 	/usr/lib/system/libkeymgr.dylib
0x0000000000295000 	/usr/lib/system/liblaunch.dylib
0x0000000000295000 	/usr/lib/system/libmacho.dylib
0x0000000000295000 	/usr/lib/system/libquarantine.dylib
0x0000000000295000 	/usr/lib/system/libremovefile.dylib
0x0000000000295000 	/usr/lib/system/libsystem_asl.dylib
0x0000000000295000 	/usr/lib/system/libsystem_blocks.dylib
0x0000000000295000 	/usr/lib/system/libsystem_c.dylib
0x0000000000295000 	/usr/lib/system/libsystem_collections.dylib
0x0000000000295000 	/usr/lib/system/libsystem_configuration.dylib
0x0000000000295000 	/usr/lib/system/libsystem_containermanager.dylib
0x0000000000295000 	/usr/lib/system/libsystem_coreservices.dylib
0x0000000000295000 	/usr/lib/system/libsystem_darwin.dylib
0x0000000000295000 	/usr/lib/system/libsystem_dnssd.dylib
0x0000000000295000 	/usr/lib/system/libsystem_featureflags.dylib
0x0000000000295000 	/usr/lib/system/libsystem_info.dylib
0x0000000000295000 	/usr/lib/system/libsystem_m.dylib
0x0000000000295000 	/usr/lib/system/libsystem_malloc.dylib
0x0000000000295000 	/usr/lib/system/libsystem_networkextension.dylib
0x0000000000295000 	/usr/lib/system/libsystem_notify.dylib
0x0000000000295000 	/usr/lib/system/libsystem_product_info_filter.dylib
0x0000000000295000 	/usr/lib/system/libsystem_sandbox.dylib
0x0000000000295000 	/usr/lib/system/libsystem_secinit.dylib
0x0000000000295000 	/usr/lib/system/libsystem_kernel.dylib
0x0000000000295000 	/usr/lib/system/libsystem_platform.dylib
0x0000000000295000 	/usr/lib/system/libsystem_pthread.dylib
0x0000000000295000 	/usr/lib/system/libsystem_symptoms.dylib
0x0000000000295000 	/usr/lib/system/libsystem_trace.dylib
0x0000000000295000 	/usr/lib/system/libunwind.dylib
0x0000000000295000 	/usr/lib/system/libxpc.dylib
0x0000000000295000 	/usr/lib/libc++abi.dylib
0x0000000000295000 	/usr/lib/liboah.dylib
0x0000000000295000 	/usr/lib/liblzma.5.dylib
0x0000000000295000 	/System/Library/Frameworks/SystemConfiguration.framework/Versions/A/SystemConfiguration
0x0000000000295000 	/usr/lib/libfakelink.dylib
0x0000000000295000 	/System/Library/Frameworks/CFNetwork.framework/Versions/A/CFNetwork
0x0000000000295000 	/usr/lib/libarchive.2.dylib
0x0000000000295000 	/usr/lib/libCRFSuite.dylib
0x0000000000295000 	/usr/lib/libbsm.0.dylib
0x0000000000295000 	/usr/lib/libnetwork.dylib
0x0000000000295000 	/usr/lib/libpcap.A.dylib
0x0000000000295000 	/usr/lib/libdns_services.dylib
0x0000000000295000 	/usr/lib/libcoretls_cfhelpers.dylib
0x0000000000295000 	/usr/lib/libapple_nghttp2.dylib
0x0000000000295000 	/usr/lib/system/libkxld.dylib
0x0000000000295000 	/usr/lib/libsqlite3.dylib
0x0000000000295000 	/System/Library/PrivateFrameworks/AppleFSCompression.framework/Versions/A/AppleFSCompression
0x0000000000295000 	/usr/lib/libcoretls.dylib
0x0000000000295000 	/usr/lib/libpam.2.dylib
0x0000000000295000 	/usr/lib/libxar.1.dylib
0x0000000000295000 	/System/Library/PrivateFrameworks/AppleSystemInfo.framework/Versions/A/AppleSystemInfo
0x0000000000295000 	/System/Library/PrivateFrameworks/IOMobileFramebuffer.framework/Versions/A/IOMobileFramebuffer
0x0000000000295000 	/usr/lib/libbz2.1.0.dylib
0x0000000000295000 	/usr/lib/libiconv.2.dylib
0x0000000000295000 	/usr/lib/libcharset.1.dylib
0x0000000000295000 	/System/Library/Frameworks/CoreServices.framework/Versions/A/Frameworks/FSEvents.framework/Versions/A/FSEvents
0x0000000000295000 	/System/Library/Frameworks/CoreServices.framework/Versions/A/Frameworks/CarbonCore.framework/Versions/A/CarbonCore
0x0000000000295000 	/System/Library/Frameworks/CoreServices.framework/Versions/A/Frameworks/Metadata.framework/Versions/A/Metadata
0x0000000000295000 	/System/Library/Frameworks/CoreServices.framework/Versions/A/Frameworks/OSServices.framework/Versions/A/OSServices
0x0000000000295000 	/System/Library/Frameworks/CoreServices.framework/Versions/A/Frameworks/SearchKit.framework/Versions/A/SearchKit
0x0000000000295000 	/System/Library/Frameworks/CoreServices.framework/Versions/A/Frameworks/AE.framework/Versions/A/AE
0x0000000000295000 	/System/Library/Frameworks/CoreServices.framework/Versions/A/Frameworks/LaunchServices.framework/Versions/A/LaunchServices
0x0000000000295000 	/System/Library/Frameworks/CoreServices.framework/Versions/A/Frameworks/DictionaryServices.framework/Versions/A/DictionaryServices
0x0000000000295000 	/System/Library/Frameworks/CoreServices.framework/Versions/A/Frameworks/SharedFileList.framework/Versions/A/SharedFileList
0x0000000000295000 	/usr/lib/libCheckFix.dylib
0x0000000000295000 	/System/Library/PrivateFrameworks/TCC.framework/Versions/A/TCC
0x0000000000295000 	/System/Library/PrivateFrameworks/CoreNLP.framework/Versions/A/CoreNLP
0x0000000000295000 	/System/Library/PrivateFrameworks/MetadataUtilities.framework/Versions/A/MetadataUtilities
0x0000000000295000 	/usr/lib/libmecabra.dylib
0x0000000000295000 	/System/Library/Frameworks/MLCompute.framework/Versions/A/MLCompute
0x0000000000295000 	/usr/lib/libmecab.dylib
0x0000000000295000 	/usr/lib/libgermantok.dylib
0x0000000000295000 	/usr/lib/libThaiTokenizer.dylib
0x0000000000295000 	/usr/lib/libChineseTokenizer.dylib
0x0000000000295000 	/System/Library/Frameworks/MetalPerformanceShaders.framework/Versions/A/MetalPerformanceShaders
0x0000000000295000 	/System/Library/Frameworks/Accelerate.framework/Versions/A/Frameworks/vImage.framework/Versions/A/vImage
0x0000000000295000 	/System/Library/Frameworks/Accelerate.framework/Versions/A/Frameworks/vecLib.framework/Versions/A/vecLib
0x0000000000295000 	/System/Library/Frameworks/Accelerate.framework/Versions/A/Frameworks/vecLib.framework/Versions/A/libvMisc.dylib
0x0000000000295000 	/System/Library/Frameworks/Accelerate.framework/Versions/A/Frameworks/vecLib.framework/Versions/A/libvDSP.dylib
0x0000000000295000 	/System/Library/Frameworks/Accelerate.framework/Versions/A/Frameworks/vecLib.framework/Versions/A/libBLAS.dylib
0x0000000000295000 	/System/Library/Frameworks/Accelerate.framework/Versions/A/Frameworks/vecLib.framework/Versions/A/libLAPACK.dylib
0x0000000000295000 	/System/Library/Frameworks/Accelerate.framework/Versions/A/Frameworks/vecLib.framework/Versions/A/libLinearAlgebra.dylib
0x0000000000295000 	/System/Library/Frameworks/Accelerate.framework/Versions/A/Frameworks/vecLib.framework/Versions/A/libSparseBLAS.dylib
0x0000000000295000 	/System/Library/Frameworks/Accelerate.framework/Versions/A/Frameworks/vecLib.framework/Versions/A/libQuadrature.dylib
0x0000000000295000 	/System/Library/Frameworks/Accelerate.framework/Versions/A/Frameworks/vecLib.framework/Versions/A/libBNNS.dylib
0x0000000000295000 	/System/Library/Frameworks/Accelerate.framework/Versions/A/Frameworks/vecLib.framework/Versions/A/libSparse.dylib
0x0000000000295000 	/System/Library/Frameworks/MetalPerformanceShaders.framework/Versions/A/Frameworks/MPSCore.framework/Versions/A/MPSCore
0x0000000000295000 	/System/Library/Frameworks/MetalPerformanceShaders.framework/Versions/A/Frameworks/MPSImage.framework/Versions/A/MPSImage
0x0000000000295000 	/System/Library/Frameworks/MetalPerformanceShaders.framework/Versions/A/Frameworks/MPSNeuralNetwork.framework/Versions/A/MPSNeuralNetwork
0x0000000000295000 	/System/Library/Frameworks/MetalPerformanceShaders.framework/Versions/A/Frameworks/MPSMatrix.framework/Versions/A/MPSMatrix
0x0000000000295000 	/System/Library/Frameworks/MetalPerformanceShaders.framework/Versions/A/Frameworks/MPSRayIntersector.framework/Versions/A/MPSRayIntersector
0x0000000000295000 	/System/Library/Frameworks/MetalPerformanceShaders.framework/Versions/A/Frameworks/MPSNDArray.framework/Versions/A/MPSNDArray
0x0000000000295000 	/System/Library/PrivateFrameworks/MetalTools.framework/Versions/A/MetalTools
0x0000000000295000 	/System/Library/PrivateFrameworks/AggregateDictionary.framework/Versions/A/AggregateDictionary
0x0000000000295000 	/System/Library/PrivateFrameworks/CoreAnalytics.framework/Versions/A/CoreAnalytics
0x0000000000295000 	/System/Library/PrivateFrameworks/AppleSauce.framework/Versions/A/AppleSauce
0x0000000000295000 	/System/Library/PrivateFrameworks/IOAccelerator.framework/Versions/A/IOAccelerator
0x0000000000295000 	/System/Library/Frameworks/OpenGL.framework/Versions/A/Libraries/libCoreFSCache.dylib
0x0000000000295000 	/System/Library/PrivateFrameworks/LanguageModeling.framework/Versions/A/LanguageModeling
0x0000000000295000 	/System/Library/PrivateFrameworks/CoreEmoji.framework/Versions/A/CoreEmoji
0x0000000000295000 	/System/Library/PrivateFrameworks/LinguisticData.framework/Versions/A/LinguisticData
0x0000000000295000 	/System/Library/PrivateFrameworks/Lexicon.framework/Versions/A/Lexicon
0x0000000000295000 	/usr/lib/libcmph.dylib
0x0000000000295000 	/System/Library/Frameworks/OpenDirectory.framework/Versions/A/Frameworks/CFOpenDirectory.framework/Versions/A/CFOpenDirectory
0x0000000000295000 	/System/Library/Frameworks/OpenDirectory.framework/Versions/A/OpenDirectory
0x0000000000295000 	/System/Library/PrivateFrameworks/APFS.framework/Versions/A/APFS
0x0000000000295000 	/System/Library/Frameworks/SecurityFoundation.framework/Versions/A/SecurityFoundation
0x0000000000295000 	/usr/lib/libutil.dylib
0x0000000000295000 	/System/Library/PrivateFrameworks/CoreServicesStore.framework/Versions/A/CoreServicesStore
0x0000000000295000 	/System/Library/Frameworks/ServiceManagement.framework/Versions/A/ServiceManagement
0x0000000000295000 	/usr/lib/libxslt.1.dylib
0x0000000000295000 	/System/Library/PrivateFrameworks/BackgroundTaskManagement.framework/Versions/A/BackgroundTaskManagement
0x0000000000295000 	/System/Library/Frameworks/ImageIO.framework/Versions/A/Resources/libRadiance.dylib
0x0000000000295000 	/System/Library/Frameworks/ImageIO.framework/Versions/A/Resources/libJPEG.dylib
0x0000000000295000 	/System/Library/Frameworks/ImageIO.framework/Versions/A/Resources/libPng.dylib
0x0000000000295000 	/System/Library/Frameworks/ImageIO.framework/Versions/A/Resources/libTIFF.dylib
0x0000000000295000 	/System/Library/Frameworks/ImageIO.framework/Versions/A/Resources/libGIF.dylib
0x0000000000295000 	/System/Library/Frameworks/ImageIO.framework/Versions/A/Resources/libJP2.dylib
0x0000000000295000 	/usr/lib/libexpat.1.dylib
0x0000000000295000 	/System/Library/PrivateFrameworks/AppleJPEG.framework/Versions/A/AppleJPEG
0x0000000000295000 	/System/Library/PrivateFrameworks/FontServices.framework/libFontParser.dylib
0x0000000000295000 	/System/Library/PrivateFrameworks/RunningBoardServices.framework/Versions/A/RunningBoardServices
0x0000000000295000 	/System/Library/PrivateFrameworks/WatchdogClient.framework/Versions/A/WatchdogClient
0x0000000000295000 	/System/Library/Frameworks/CoreDisplay.framework/Versions/A/CoreDisplay
0x0000000000295000 	/System/Library/Frameworks/CoreMedia.framework/Versions/A/CoreMedia
0x0000000000295000 	/System/Library/Frameworks/CoreVideo.framework/Versions/A/CoreVideo
0x0000000000295000 	/System/Library/Frameworks/VideoToolbox.framework/Versions/A/VideoToolbox
0x0000000000295000 	/System/Library/PrivateFrameworks/BaseBoard.framework/Versions/A/BaseBoard
0x0000000000295000 	/System/Library/PrivateFrameworks/PersistentConnection.framework/Versions/A/PersistentConnection
0x0000000000295000 	/System/Library/PrivateFrameworks/ProtocolBuffer.framework/Versions/A/ProtocolBuffer
0x0000000000295000 	/System/Library/PrivateFrameworks/CommonUtilities.framework/Versions/A/CommonUtilities
0x0000000000295000 	/System/Library/PrivateFrameworks/Bom.framework/Versions/A/Bom
0x0000000000295000 	/System/Library/PrivateFrameworks/GPUWrangler.framework/Versions/A/GPUWrangler
0x0000000000295000 	/System/Library/PrivateFrameworks/IOPresentment.framework/Versions/A/IOPresentment
0x0000000000295000 	/System/Library/PrivateFrameworks/DSExternalDisplay.framework/Versions/A/DSExternalDisplay
0x0000000000295000 	/System/Library/PrivateFrameworks/CMCaptureCore.framework/Versions/A/CMCaptureCore
0x0000000000295000 	/System/Library/PrivateFrameworks/AppServerSupport.framework/Versions/A/AppServerSupport
0x0000000000295000 	/System/Library/PrivateFrameworks/perfdata.framework/Versions/A/perfdata
0x0000000000295000 	/System/Library/PrivateFrameworks/AssertionServices.framework/Versions/A/AssertionServices
0x0000000000295000 	/System/Library/PrivateFrameworks/AudioToolboxCore.framework/Versions/A/AudioToolboxCore
0x0000000000295000 	/System/Library/PrivateFrameworks/caulk.framework/Versions/A/caulk
0x0000000000295000 	/System/Library/PrivateFrameworks/SystemPolicy.framework/Versions/A/SystemPolicy
0x0000000000295000 	/usr/lib/libIOReport.dylib
0x0000000000295000 	/usr/lib/libSMC.dylib
0x0000000000295000 	/usr/lib/libAudioToolboxUtility.dylib
0x0000000000295000 	/usr/lib/libmis.dylib
0x0000000000295000 	/System/Library/Frameworks/OpenGL.framework/Versions/A/Libraries/libGLU.dylib
0x0000000000295000 	/System/Library/Frameworks/OpenGL.framework/Versions/A/Libraries/libGFXShared.dylib
0x0000000000295000 	/System/Library/Frameworks/OpenGL.framework/Versions/A/Libraries/libGL.dylib
0x0000000000295000 	/System/Library/Frameworks/OpenGL.framework/Versions/A/Libraries/libGLImage.dylib
0x0000000000295000 	/System/Library/Frameworks/OpenGL.framework/Versions/A/Libraries/libCVMSPluginSupport.dylib
0x0000000000295000 	/System/Library/Frameworks/OpenGL.framework/Versions/A/Libraries/libCoreVMClient.dylib
0x0000000000295000 	/System/Library/Frameworks/OpenCL.framework/Versions/A/OpenCL
0x0000000000295000 	/System/Library/PrivateFrameworks/GraphVisualizer.framework/Versions/A/GraphVisualizer
0x0000000000295000 	/System/Library/PrivateFrameworks/FaceCore.framework/Versions/A/FaceCore
0x0000000000295000 	/System/Library/PrivateFrameworks/OTSVG.framework/Versions/A/OTSVG
0x0000000000295000 	/System/Library/Frameworks/ApplicationServices.framework/Versions/A/Frameworks/ATS.framework/Versions/A/Resources/libFontRegistry.dylib
0x0000000000295000 	/System/Library/PrivateFrameworks/FontServices.framework/libhvf.dylib
0x0000000000295000 	/System/Library/PrivateFrameworks/AppleVA.framework/Versions/A/AppleVA
0x0000000000295000 	/System/Library/Frameworks/ApplicationServices.framework/Versions/A/Frameworks/ATS.framework/Versions/A/ATS
0x0000000000295000 	/System/Library/Frameworks/ApplicationServices.framework/Versions/A/Frameworks/ColorSyncLegacy.framework/Versions/A/ColorSyncLegacy
0x0000000000295000 	/System/Library/Frameworks/ApplicationServices.framework/Versions/A/Frameworks/HIServices.framework/Versions/A/HIServices
0x0000000000295000 	/System/Library/Frameworks/ApplicationServices.framework/Versions/A/Frameworks/LangAnalysis.framework/Versions/A/LangAnalysis
0x0000000000295000 	/System/Library/Frameworks/ApplicationServices.framework/Versions/A/Frameworks/PrintCore.framework/Versions/A/PrintCore
0x0000000000295000 	/System/Library/Frameworks/ApplicationServices.framework/Versions/A/Frameworks/QD.framework/Versions/A/QD
0x0000000000295000 	/System/Library/Frameworks/ApplicationServices.framework/Versions/A/Frameworks/SpeechSynthesis.framework/Versions/A/SpeechSynthesis
0x0000000000295000 	/System/Library/Frameworks/ApplicationServices.framework/Versions/A/Frameworks/ATSUI.framework/Versions/A/ATSUI
0x0000000000295000 	/usr/lib/libcups.2.dylib
0x0000000000295000 	/System/Library/PrivateFrameworks/NetAuth.framework/Versions/A/NetAuth
0x0000000000295000 	/System/Library/Frameworks/Kerberos.framework/Versions/A/Kerberos
0x0000000000295000 	/System/Library/Frameworks/GSS.framework/Versions/A/GSS
0x0000000000295000 	/usr/lib/libresolv.9.dylib
0x0000000000295000 	/System/Library/PrivateFrameworks/Heimdal.framework/Versions/A/Heimdal
0x0000000000295000 	/System/Library/Frameworks/Kerberos.framework/Versions/A/Libraries/libHeimdalProxy.dylib
0x0000000000295000 	/System/Library/Frameworks/Network.framework/Versions/A/Network
0x0000000000295000 	/usr/lib/libheimdal-asn1.dylib
0x0000000000295000 	/System/Library/PrivateFrameworks/CommonAuth.framework/Versions/A/CommonAuth
0x0000000000295000 	/System/Library/PrivateFrameworks/login.framework/Versions/A/Frameworks/loginsupport.framework/Versions/A/loginsupport
0x0000000000295000 	/System/Library/PrivateFrameworks/AudioSession.framework/Versions/A/AudioSession
0x0000000000295000 	/usr/lib/libAudioStatistics.dylib
0x0000000000295000 	/System/Library/PrivateFrameworks/MediaExperience.framework/Versions/A/MediaExperience
0x0000000000295000 	/System/Library/PrivateFrameworks/AudioSession.framework/libSessionUtility.dylib
0x0000000000295000 	/usr/lib/libperfcheck.dylib
0x0000000000295000 	/System/Library/PrivateFrameworks/AudioResourceArbitration.framework/Versions/A/AudioResourceArbitration
0x0000000000295000 	/System/Library/PrivateFrameworks/IconFoundation.framework/Versions/A/IconFoundation
0x0000000000295000 	/System/Library/PrivateFrameworks/SpeechRecognitionCore.framework/Versions/A/SpeechRecognitionCore
0x0000000110000000 	/Users/anders/Documents/curseforge/minecraft/Install/runtime/jre-legacy/mac-os/jre-legacy/jre.bundle/Contents/Home/lib/server/libjvm.dylib
0x0000000000295000 	/usr/lib/libstdc++.6.dylib
0x000000010db74000 	/Users/anders/Documents/curseforge/minecraft/Install/runtime/jre-legacy/mac-os/jre-legacy/jre.bundle/Contents/Home/lib/libverify.dylib
0x000000010db82000 	/Users/anders/Documents/curseforge/minecraft/Install/runtime/jre-legacy/mac-os/jre-legacy/jre.bundle/Contents/Home/lib/libjava.dylib
0x000000010dc01000 	/Users/anders/Documents/curseforge/minecraft/Install/runtime/jre-legacy/mac-os/jre-legacy/jre.bundle/Contents/Home/lib/libzip.dylib
0x0000000000295000 	/System/Library/Frameworks/JavaRuntimeSupport.framework/Versions/A/JavaRuntimeSupport
0x0000000000295000 	/System/Library/Frameworks/Carbon.framework/Versions/A/Carbon
0x0000000000295000 	/System/Library/PrivateFrameworks/CoreSymbolication.framework/Versions/A/CoreSymbolication
0x0000000000295000 	/System/Library/Frameworks/Carbon.framework/Versions/A/Frameworks/CommonPanels.framework/Versions/A/CommonPanels
0x0000000000295000 	/System/Library/Frameworks/Carbon.framework/Versions/A/Frameworks/Help.framework/Versions/A/Help
0x0000000000295000 	/System/Library/Frameworks/Carbon.framework/Versions/A/Frameworks/ImageCapture.framework/Versions/A/ImageCapture
0x0000000000295000 	/System/Library/Frameworks/Carbon.framework/Versions/A/Frameworks/OpenScripting.framework/Versions/A/OpenScripting
0x0000000000295000 	/System/Library/Frameworks/Carbon.framework/Versions/A/Frameworks/Ink.framework/Versions/A/Ink
0x0000000000295000 	/System/Library/Frameworks/Carbon.framework/Versions/A/Frameworks/Print.framework/Versions/A/Print
0x0000000000295000 	/System/Library/Frameworks/Carbon.framework/Versions/A/Frameworks/SecurityHI.framework/Versions/A/SecurityHI
0x0000000000295000 	/System/Library/PrivateFrameworks/DebugSymbols.framework/Versions/A/DebugSymbols
0x000000011d3c1000 	/Users/anders/Documents/curseforge/minecraft/Install/runtime/jre-legacy/mac-os/jre-legacy/jre.bundle/Contents/Home/lib/libmanagement.dylib
0x000000011d5cf000 	/Users/anders/Documents/curseforge/minecraft/Install/runtime/jre-legacy/mac-os/jre-legacy/jre.bundle/Contents/Home/lib/libnet.dylib
0x000000011d7e6000 	/Users/anders/Documents/curseforge/minecraft/Install/runtime/jre-legacy/mac-os/jre-legacy/jre.bundle/Contents/Home/lib/libnio.dylib
0x000000012cdc4000 	/Users/anders/Documents/curseforge/minecraft/Install/runtime/jre-legacy/mac-os/jre-legacy/jre.bundle/Contents/Home/lib/libunpack.dylib
0x000000012d3dd000 	/Users/anders/Documents/curseforge/minecraft/Install/runtime/jre-legacy/mac-os/jre-legacy/jre.bundle/Contents/Home/lib/libawt.dylib
0x000000012d485000 	/Users/anders/Documents/curseforge/minecraft/Install/runtime/jre-legacy/mac-os/jre-legacy/jre.bundle/Contents/Home/lib/libmlib_image.dylib
0x0000000000295000 	/System/Library/Frameworks/JavaNativeFoundation.framework/Versions/A/JavaNativeFoundation
0x000000012d551000 	/Users/anders/Documents/curseforge/minecraft/Install/runtime/jre-legacy/mac-os/jre-legacy/jre.bundle/Contents/Home/lib/libawt_lwawt.dylib
0x000000012d606000 	/Users/anders/Documents/curseforge/minecraft/Install/runtime/jre-legacy/mac-os/jre-legacy/jre.bundle/Contents/Home/lib/libosxapp.dylib
0x0000000000295000 	/System/Library/Frameworks/ExceptionHandling.framework/Versions/A/ExceptionHandling
0x0000000000295000 	/System/Library/PrivateFrameworks/CoreServicesInternal.framework/Versions/A/CoreServicesInternal
0x0000000000295000 	/System/Library/Frameworks/FileProvider.framework/Versions/A/FileProvider
0x0000000000295000 	/System/Library/Frameworks/Accounts.framework/Versions/A/Accounts
0x0000000000295000 	/System/Library/PrivateFrameworks/GenerationalStorage.framework/Versions/A/GenerationalStorage
0x0000000000295000 	/System/Library/PrivateFrameworks/SymptomDiagnosticReporter.framework/Versions/A/SymptomDiagnosticReporter
0x0000000000295000 	/System/Library/PrivateFrameworks/DesktopServicesPriv.framework/Versions/A/DesktopServicesPriv
0x0000000000295000 	/usr/lib/libsandbox.1.dylib
0x0000000000295000 	/System/Library/PrivateFrameworks/UserManagement.framework/Versions/A/UserManagement
0x0000000000295000 	/System/Library/PrivateFrameworks/MobileKeyBag.framework/Versions/A/MobileKeyBag
0x0000000000295000 	/System/Library/PrivateFrameworks/ChunkingLibrary.framework/Versions/A/ChunkingLibrary
0x0000000000295000 	/System/Library/PrivateFrameworks/Sharing.framework/Versions/A/Sharing
0x0000000000295000 	/System/Library/PrivateFrameworks/Apple80211.framework/Versions/A/Apple80211
0x0000000000295000 	/System/Library/PrivateFrameworks/AuthKit.framework/Versions/A/AuthKit
0x0000000000295000 	/System/Library/PrivateFrameworks/CoreUtils.framework/Versions/A/CoreUtils
0x0000000000295000 	/System/Library/Frameworks/CoreWLAN.framework/Versions/A/CoreWLAN
0x0000000000295000 	/System/Library/Frameworks/IOBluetooth.framework/Versions/A/IOBluetooth
0x0000000000295000 	/System/Library/PrivateFrameworks/CoreWiFi.framework/Versions/A/CoreWiFi
0x0000000000295000 	/System/Library/PrivateFrameworks/CorePhoneNumbers.framework/Versions/A/CorePhoneNumbers
0x0000000000295000 	/System/Library/PrivateFrameworks/DiskManagement.framework/Versions/A/DiskManagement
0x0000000000295000 	/System/Library/PrivateFrameworks/AppleIDAuthSupport.framework/Versions/A/AppleIDAuthSupport
0x0000000000295000 	/System/Library/PrivateFrameworks/KeychainCircle.framework/Versions/A/KeychainCircle
0x0000000000295000 	/System/Library/PrivateFrameworks/MediaKit.framework/Versions/A/MediaKit
0x0000000000295000 	/System/Library/Frameworks/DiscRecording.framework/Versions/A/DiscRecording
0x0000000000295000 	/usr/lib/libCoreStorage.dylib
0x0000000000295000 	/usr/lib/libcsfde.dylib
0x0000000000295000 	/System/Library/PrivateFrameworks/ProtectedCloudStorage.framework/Versions/A/ProtectedCloudStorage
0x0000000000295000 	/System/Library/PrivateFrameworks/EFILogin.framework/Versions/A/EFILogin
0x0000000000295000 	/System/Library/Frameworks/AudioUnit.framework/Versions/A/AudioUnit
0x0000000000295000 	/System/Library/Frameworks/CoreBluetooth.framework/Versions/A/CoreBluetooth
0x0000000000295000 	/usr/lib/libMatch.1.dylib
0x000000012ec29000 	/usr/lib/libobjc-trampolines.dylib
0x0000000000295000 	/System/Library/CoreServices/RawCamera.bundle/Contents/MacOS/RawCamera
0x0000000000295000 	/System/Library/PrivateFrameworks/MobileAsset.framework/Versions/A/MobileAsset
0x0000000000295000 	/System/Library/PrivateFrameworks/StreamingZip.framework/Versions/A/StreamingZip
0x0000000000295000 	/System/Library/Frameworks/MediaToolbox.framework/Versions/A/MediaToolbox
0x0000000000295000 	/System/Library/PrivateFrameworks/CoreAVCHD.framework/Versions/A/CoreAVCHD
0x0000000000295000 	/System/Library/Frameworks/MediaAccessibility.framework/Versions/A/MediaAccessibility
0x0000000000295000 	/System/Library/PrivateFrameworks/Mangrove.framework/Versions/A/Mangrove
0x0000000000295000 	/System/Library/PrivateFrameworks/AlgosScoreFramework.framework/Versions/A/AlgosScoreFramework
0x0000000000295000 	/System/Library/PrivateFrameworks/AppleVPA.framework/Versions/A/AppleVPA
0x0000000000295000 	/System/Library/PrivateFrameworks/CoreAUC.framework/Versions/A/CoreAUC
0x0000000000295000 	/System/Library/Frameworks/Accelerate.framework/Versions/A/Frameworks/vImage.framework/Versions/A/Libraries/libCGInterfaces.dylib
0x0000000000295000 	/System/Library/PrivateFrameworks/FamilyControls.framework/Versions/A/FamilyControls
0x0000000000295000 	/System/Library/PrivateFrameworks/CommerceKit.framework/Versions/A/Frameworks/CommerceCore.framework/Versions/A/CommerceCore
0x0000000000295000 	/System/Library/PrivateFrameworks/SystemAdministration.framework/Versions/A/SystemAdministration
0x0000000000295000 	/System/Library/PrivateFrameworks/AppContainer.framework/Versions/A/AppContainer
0x0000000000295000 	/System/Library/PrivateFrameworks/SecCodeWrapper.framework/Versions/A/SecCodeWrapper
0x0000000000295000 	/System/Library/PrivateFrameworks/CrashReporterSupport.framework/Versions/A/CrashReporterSupport
0x0000000000295000 	/System/Library/PrivateFrameworks/OSAnalytics.framework/Versions/A/OSAnalytics
0x0000000000295000 	/usr/lib/libRosetta.dylib
0x0000000000295000 	/System/Library/PrivateFrameworks/RemoteServiceDiscovery.framework/Versions/A/RemoteServiceDiscovery
0x0000000000295000 	/System/Library/PrivateFrameworks/Symbolication.framework/Versions/A/Symbolication
0x0000000000295000 	/System/Library/PrivateFrameworks/MallocStackLogging.framework/Versions/A/MallocStackLogging
0x0000000000295000 	/System/Library/PrivateFrameworks/login.framework/Versions/A/login
0x0000000000295000 	/System/Library/Frameworks/DirectoryService.framework/Versions/A/DirectoryService
0x0000000000295000 	/System/Library/PrivateFrameworks/DiskImages.framework/Versions/A/DiskImages
0x0000000000295000 	/System/Library/PrivateFrameworks/LoginUIKit.framework/Versions/A/Frameworks/LoginUICore.framework/Versions/A/LoginUICore
0x0000000000295000 	/usr/lib/libodfde.dylib
0x0000000000295000 	/usr/lib/libcurl.4.dylib
0x0000000000295000 	/usr/lib/libcrypto.44.dylib
0x0000000000295000 	/usr/lib/libssl.46.dylib
0x0000000000295000 	/System/Library/Frameworks/LDAP.framework/Versions/A/LDAP
0x0000000000295000 	/System/Library/PrivateFrameworks/TrustEvaluationAgent.framework/Versions/A/TrustEvaluationAgent
0x0000000000295000 	/usr/lib/libsasl2.2.dylib
0x0000000000295000 	/System/Library/PrivateFrameworks/CoreDaemon.framework/Versions/B/CoreDaemon
0x0000000000295000 	/System/Library/PrivateFrameworks/AppleSRP.framework/Versions/A/AppleSRP
0x0000000000295000 	/System/Library/PrivateFrameworks/ViewBridge.framework/Versions/A/ViewBridge
0x00000001319f0000 	/Users/anders/Documents/curseforge/minecraft/Install/runtime/jre-legacy/mac-os/jre-legacy/jre.bundle/Contents/Home/lib/libfontmanager.dylib
0x0000000131a57000 	/Users/anders/Documents/curseforge/minecraft/Install/bin/a735-5351-5550-55bb/liblwjgl.dylib
0x0000000131ac9000 	/Users/anders/Documents/curseforge/minecraft/Install/runtime/jre-legacy/mac-os/jre-legacy/jre.bundle/Contents/Home/lib/libjawt.dylib
0x0000000000295000 	/System/Library/Frameworks/OpenGL.framework/Versions/A/Resources/GLEngine.bundle/GLEngine
0x0000000000295000 	/System/Library/Frameworks/OpenGL.framework/Versions/A/Libraries/libGLProgrammability.dylib
0x0000000000295000 	/System/Library/Extensions/AppleIntelKBLGraphicsGLDriver.bundle/Contents/MacOS/AppleIntelKBLGraphicsGLDriver
0x0000000000295000 	/System/Library/PrivateFrameworks/GPUSupport.framework/Versions/A/Libraries/libGPUSupportMercury.dylib
0x0000000000295000 	/System/Library/Frameworks/OpenGL.framework/Versions/A/Resources/GLRendererFloat.bundle/GLRendererFloat

VM Arguments:
jvm_args: -Djava.library.path=/Users/anders/Documents/curseforge/minecraft/Install/bin/a735-5351-5550-55bb -Dminecraft.launcher.brand=minecraft-launcher -Dminecraft.launcher.version=2.3.173 -Dminecraft.client.jar=/Users/anders/Documents/curseforge/minecraft/Install/versions/1.12.2/1.12.2.jar -Xmx4096m -Xms256m -Dfml.ignorePatchDiscrepancies=true -Dfml.ignoreInvalidMinecraftCertificates=true -Duser.language=en -Duser.country=US -Dlog4j.configurationFile=/Users/anders/Documents/curseforge/minecraft/Install/assets/log_configs/client-1.12.xml 
java_command: net.minecraft.launchwrapper.Launch --username tilles --version forge-14.23.5.2860 --gameDir /Users/anders/Documents/curseforge/minecraft/Instances/Fires of Thaumaturgy --assetsDir /Users/anders/Documents/curseforge/minecraft/Install/assets --assetIndex 1.12 --uuid a21e57b58a084bb69cf282ddde402724 --accessToken eyJhbGciOiJIUzI1NiJ9.eyJ4dWlkIjoiMjUzNTQxNzU0MDY3MzkzNSIsImFnZyI6IkNoaWxkIiwic3ViIjoiZmJmYzA0MDUtOGVlYS00YjhlLWFlMzAtZGQwNjlmZmM5NDg2IiwibmJmIjoxNjUzMjUwMDQ0LCJhdXRoIjoiWEJPWCIsInJvbGVzIjpbXSwiaXNzIjoiYXV0aGVudGljYXRpb24iLCJleHAiOjE2NTMzMzY0NDQsImlhdCI6MTY1MzI1MDA0NCwicGxhdGZvcm0iOiJQQ19MQVVOQ0hFUiIsInl1aWQiOiI5NTY3NTA0ZGQwMTZlZTRkMjE3NzJhOTZjNDYwY2YwZSJ9.Er7lWM5nGlkDKP66dLL4rKXmTmQRMowSTptLdOCZoX8 --userType msa --tweakClass net.minecraftforge.fml.common.launcher.FMLTweaker --versionType Forge
java_class_path (initial): /Users/anders/Documents/curseforge/minecraft/Install/libraries/net/minecraftforge/forge/1.12.2-14.23.5.2860/forge-1.12.2-14.23.5.2860.jar:/Users/anders/Documents/curseforge/minecraft/Install/libraries/org/ow2/asm/asm-debug-all/5.2/asm-debug-all-5.2.jar:/Users/anders/Documents/curseforge/minecraft/Install/libraries/net/minecraft/launchwrapper/1.12/launchwrapper-1.12.jar:/Users/anders/Documents/curseforge/minecraft/Install/libraries/org/jline/jline/3.5.1/jline-3.5.1.jar:/Users/anders/Documents/curseforge/minecraft/Install/libraries/com/typesafe/akka/akka-actor_2.11/2.3.3/akka-actor_2.11-2.3.3.jar:/Users/anders/Documents/curseforge/minecraft/Install/libraries/com/typesafe/config/1.2.1/config-1.2.1.jar:/Users/anders/Documents/curseforge/minecraft/Install/libraries/org/scala-lang/scala-actors-migration_2.11/1.1.0/scala-actors-migration_2.11-1.1.0.jar:/Users/anders/Documents/curseforge/minecraft/Install/libraries/org/scala-lang/scala-compiler/2.11.1/scala-compiler-2.11.1.jar:/Users/anders/Documents/curseforge/minecraft/Install/libraries/org/scala-lang/plugins/scala-continuations-library_2.11/1.0.2_mc/scala-continuations-library_2.11-1.0.2_mc.jar:/Users/anders/Documents/curseforge/minecraft/Install/libraries/org/scala-lang/plugins/scala-continuations-plugin_2.11.1/1.0.2_mc/scala-continuations-plugin_2.11.1-1.0.2_mc.jar:/Users/anders/Documents/curseforge/minecraft/Install/libraries/org/scala-lang/scala-library/2.11.1/scala-library-2.11.1.jar:/Users/anders/Documents/curseforge/minecraft/Install/libraries/org/scala-lang/scala-parser-combinators_2.11/1.0.1/scala-parser-combinators_2.11-1.0.1.jar:/Users/anders/Documents/curseforge/minecraft/Install/libraries/org/scala-lang/scala-reflect/2.11.1/scala-reflect-2.11.1.jar:/Users/anders/Documents/curseforge/minecraft/Install/libraries/org/scala-lang/scala-swing_2.11/1.0.1/scala-swing_2.11-1.0.1.jar:/Users/anders/Documents/curseforge/minecraft/Install/libraries/org/scala-lang/scala-xml_2.11/1.0.2/scala-xm
Launcher Type: SUN_STANDARD

Environment Variables:
PATH=/usr/bin:/bin:/usr/sbin:/sbin
SHELL=/bin/zsh
DISPLAY=/private/tmp/com.apple.launchd.J2zifm3hDx/org.macosforge.xquartz:0

Signal Handlers:
SIGSEGV: [libjvm.dylib+0x5a6855], sa_mask[0]=11111111011111110111111111111111, sa_flags=SA_ONSTACK|SA_RESTART|SA_SIGINFO
SIGBUS: [libjvm.dylib+0x5a6855], sa_mask[0]=11111111011111110111111111111111, sa_flags=SA_RESTART|SA_SIGINFO
SIGFPE: [libjvm.dylib+0x4804ec], sa_mask[0]=11111111011111110111111111111111, sa_flags=SA_RESTART|SA_SIGINFO
SIGPIPE: [libjvm.dylib+0x4804ec], sa_mask[0]=11111111011111110111111111111111, sa_flags=SA_RESTART|SA_SIGINFO
SIGXFSZ: [libjvm.dylib+0x4804ec], sa_mask[0]=11111111011111110111111111111111, sa_flags=SA_RESTART|SA_SIGINFO
SIGILL: [libjvm.dylib+0x4804ec], sa_mask[0]=11111111011111110111111111111111, sa_flags=SA_RESTART|SA_SIGINFO
SIGUSR1: SIG_DFL, sa_mask[0]=00000000000000000000000000000000, sa_flags=none
SIGUSR2: [libjvm.dylib+0x48000a], sa_mask[0]=00000000000000000000000000000000, sa_flags=SA_RESTART|SA_SIGINFO
SIGHUP: [libjvm.dylib+0x47e5e1], sa_mask[0]=11111111011111110111111111111111, sa_flags=SA_RESTART|SA_SIGINFO
SIGINT: [libjvm.dylib+0x47e5e1], sa_mask[0]=11111111011111110111111111111111, sa_flags=SA_RESTART|SA_SIGINFO
SIGTERM: [libjvm.dylib+0x47e5e1], sa_mask[0]=11111111011111110111111111111111, sa_flags=SA_RESTART|SA_SIGINFO
SIGQUIT: [libjvm.dylib+0x47e5e1], sa_mask[0]=11111111011111110111111111111111, sa_flags=SA_RESTART|SA_SIGINFO


---------------  S Y S T E M  ---------------

OS:Bsduname:Darwin 20.6.0 Darwin Kernel Version 20.6.0: Tue Feb 22 21:10:41 PST 2022; root:xnu-7195.141.26~1/RELEASE_X86_64 x86_64
rlimit: STACK 8192k, CORE 0k, NPROC 2784, NOFILE 10240, AS infinity
load average:15.95 11.32 9.24

CPU:total 4 (2 cores per cpu, 2 threads per core) family 6 model 142 stepping 9, cmov, cx8, fxsr, mmx, sse, sse2, sse3, ssse3, sse4.1, sse4.2, popcnt, avx, avx2, aes, clmul, erms, 3dnowpref, lzcnt, ht, tsc, tscinvbit, bmi1, bmi2, adx

Memory: 4k page, physical 16777216k(1796364k free)

/proc/meminfo:


vm_info: Java HotSpot(TM) 64-Bit Server VM (25.74-b02) for bsd-amd64 JRE (1.8.0_74-b02), built on Jan 29 2016 15:32:34 by "java_re" with gcc 4.2.1 (Based on Apple Inc. build 5658) (LLVM build 2336.11.00)

time: Sun May 22 13:07:44 2022
elapsed time: 18 seconds (0d 0h 0m 18s)

