#
# A fatal error has been detected by the Java Runtime Environment:
#
#  SIGSEGV (0xb) at pc=0x00007fff20441829, pid=14566, tid=3843
#
# JRE version: Java(TM) SE Runtime Environment (8.0_74-b02) (build 1.8.0_74-b02)
# Java VM: Java HotSpot(TM) 64-Bit Server VM (25.74-b02 mixed mode bsd-amd64 compressed oops)
# Problematic frame:
# C  [libobjc.A.dylib+0x6829]  objc_msgSend+0x29
#
# Failed to write core dump. Core dumps have been disabled. To enable core dumping, try "ulimit -c unlimited" before starting Java again
#
# If you would like to submit a bug report, please visit:
#   http://bugreport.java.com/bugreport/crash.jsp
# The crash happened outside the Java Virtual Machine in native code.
# See problematic frame for where to report the bug.
#

---------------  T H R E A D  ---------------

Current thread (0x00007ff90500e800):  JavaThread "Client thread" [_thread_in_native, id=3843, stack(0x0000700007f23000,0x0000700008023000)]

siginfo: si_signo: 11 (SIGSEGV), si_code: 1 (SEGV_MAPERR), si_addr: 0x000000003008ae00

Registers:
RAX=0x00007fff802b0004, RBX=0x0000000000000001, RCX=0x00007fff802b0000, RDX=0x00007fff80872060
RSP=0x0000700008021898, RBP=0x00007000080218d0, RSI=0x00007fff7b868fee, RDI=0x00007ff9081aa820
R8 =0x00007ff908dd65b0, R9 =0x000000000000001f, R10=0x00007fff802b0000, R11=0x000000003008ae00
R12=0x00007ff9081aa820, R13=0xa3a3a3a3a3a3a3a3, R14=0x00007ff906034070, R15=0x00007ff906034000
RIP=0x00007fff20441829, EFLAGS=0x0000000000010206, ERR=0x0000000000000004
  TRAPNO=0x000000000000000e

Top of Stack: (sp=0x0000700008021898)
0x0000700008021898:   00007fff2046120f 5343e8d444800000
0x00007000080218a8:   00007ff906034000 0000000000000000
0x00007000080218b8:   00000001302d1be8 00007fff7b868fee
0x00007000080218c8:   00007ff90500e800 00007000080218f0
0x00007000080218d8:   00007fff20443e30 5343e8d444800013
0x00007000080218e8:   00007ff906034070 0000700008021910
0x00007000080218f8:   00007fff2065c4b6 5343e8d444800013
0x0000700008021908:   00007ff9045e9a50 0000700008021950
0x0000700008021918:   00007fff213e9133 0000700008021950
0x0000700008021928:   000000012f95be0f 00000001302d1bf0
0x0000700008021938:   5343e8d444800013 00000001302d1bf0
0x0000700008021948:   00007000080219d8 00007000080219b0
0x0000700008021958:   0000000119325954 0000000119331823
0x0000700008021968:   00000001193256a2 0000700008021970
0x0000700008021978:   00000001302d1be8 00007000080219d8
0x0000700008021988:   00000001302d2150 0000000000000000
0x0000700008021998:   00000001302d1bf0 0000000000000000
0x00007000080219a8:   00007000080219d0 0000700008021a20
0x00007000080219b8:   0000000119317c4d 000000076ab93908
0x00007000080219c8:   000000011931f578 000000076aba9260
0x00007000080219d8:   00000006c6115f08 00007000080219e0
0x00007000080219e8:   00000001302d1aef 0000700008021a50
0x00007000080219f8:   00000001302d2150 0000000000000000
0x0000700008021a08:   00000001302d1b60 00007000080219d0
0x0000700008021a18:   0000700008021a40 0000700008021aa8
0x0000700008021a28:   0000000119317c92 0000000000000000
0x0000700008021a38:   00000006c6115f08 000000076aba9260
0x0000700008021a48:   00000006c6115ee0 000000076ab93998
0x0000700008021a58:   0000000119321267 000000076ab939a8
0x0000700008021a68:   0000700008021a58 00000001302cf4de
0x0000700008021a78:   0000700008021ab8 00000001302d0378
0x0000700008021a88:   0000000000000000 00000001302cf510 

Instructions: (pc=0x00007fff20441829)
0x00007fff20441809:   01 2e 75 76 49 ba f8 ff ff ff ff 7f 00 00 4c 23
0x00007fff20441819:   17 49 89 f3 45 23 5a 18 49 c1 e3 04 4d 03 5a 10
0x00007fff20441829:   49 3b 33 75 0a 4d 8b 5b 08 4d 31 d3 41 ff e3 49
0x00007fff20441839:   83 3b 01 76 13 49 83 c3 10 49 3b 33 75 f1 4d 8b 

Register to memory mapping:

RAX=0x00007fff802b0004: OBJC_METACLASS_$__NSBinderPluginRegistry+0xc in /System/Library/Frameworks/AppKit.framework/Versions/C/AppKit at 0x00007fff22e63000
RBX=0x0000000000000001 is an unknown value
RCX=0x00007fff802b0000: OBJC_METACLASS_$__NSBinderPluginRegistry+0x8 in /System/Library/Frameworks/AppKit.framework/Versions/C/AppKit at 0x00007fff22e63000
RDX=0x00007fff80872060: OBJC_METACLASS_$_NSObject+0 in /usr/lib/libobjc.A.dylib at 0x00007fff2043b000
RSP=0x0000700008021898 is pointing into the stack for thread: 0x00007ff90500e800
RBP=0x00007000080218d0 is pointing into the stack for thread: 0x00007ff90500e800
RSI=0x00007fff7b868fee: GCC_except_table772+0x5b3f86de in /usr/lib/libobjc.A.dylib at 0x00007fff2043b000
RDI=0x00007ff9081aa820 is an unknown value
R8 =0x00007ff908dd65b0 is an unknown value
R9 =0x000000000000001f is an unknown value
R10=0x00007fff802b0000: OBJC_METACLASS_$__NSBinderPluginRegistry+0x8 in /System/Library/Frameworks/AppKit.framework/Versions/C/AppKit at 0x00007fff22e63000
R11=0x000000003008ae00 is an unknown value
R12=0x00007ff9081aa820 is an unknown value
R13=0xa3a3a3a3a3a3a3a3 is an unknown value
R14=0x00007ff906034070 is an unknown value
R15=0x00007ff906034000 is an unknown value


Stack: [0x0000700007f23000,0x0000700008023000],  sp=0x0000700008021898,  free space=1018k
Native frames: (J=compiled Java code, j=interpreted, Vv=VM code, C=native code)
C  [libobjc.A.dylib+0x6829]  objc_msgSend+0x29
C  [libobjc.A.dylib+0x8e30]  objc_autoreleasePoolPop+0xa1
C  [CoreFoundation+0x414b6]  _CFAutoreleasePoolPop+0x16
C  [Foundation+0x1f133]  -[NSAutoreleasePool release]+0x83
j  org.lwjgl.opengl.MacOSXContextImplementation.setView(Ljava/nio/ByteBuffer;Ljava/nio/ByteBuffer;)V+0
j  org.lwjgl.opengl.MacOSXContextImplementation.makeCurrent(Lorg/lwjgl/opengl/PeerInfo;Ljava/nio/ByteBuffer;)V+7
j  org.lwjgl.opengl.ContextGL.makeCurrent()V+46
j  org.lwjgl.opengl.DrawableGL.makeCurrent()V+14
j  org.lwjgl.opengl.Display.makeCurrent()V+3
j  org.lwjgl.opengl.Display.makeCurrentAndSetSwapInterval()V+0
j  org.lwjgl.opengl.Display.create(Lorg/lwjgl/opengl/PixelFormat;Lorg/lwjgl/opengl/Drawable;Lorg/lwjgl/opengl/ContextAttribs;)V+108
j  org.lwjgl.opengl.Display.create(Lorg/lwjgl/opengl/PixelFormat;)V+12
j  net.minecraft.client.Minecraft.func_175609_am()V+22
j  net.minecraft.client.Minecraft.func_71384_a()V+115
j  net.minecraft.client.Minecraft.func_99999_d()V+6
j  net.minecraft.client.main.Main.main([Ljava/lang/String;)V+1094
v  ~StubRoutines::call_stub
V  [libjvm.dylib+0x2ea39e]  JavaCalls::call_helper(JavaValue*, methodHandle*, JavaCallArguments*, Thread*)+0x6ae
V  [libjvm.dylib+0x4caa14]  Reflection::invoke(instanceKlassHandle, methodHandle, Handle, bool, objArrayHandle, BasicType, objArrayHandle, bool, Thread*)+0xe12
V  [libjvm.dylib+0x4caf48]  Reflection::invoke_method(oopDesc*, Handle, objArrayHandle, Thread*)+0x16c
V  [libjvm.dylib+0x3425b0]  JVM_InvokeMethod+0x166
j  sun.reflect.NativeMethodAccessorImpl.invoke0(Ljava/lang/reflect/Method;Ljava/lang/Object;[Ljava/lang/Object;)Ljava/lang/Object;+0
j  sun.reflect.NativeMethodAccessorImpl.invoke(Ljava/lang/Object;[Ljava/lang/Object;)Ljava/lang/Object;+100
J 2440 C1 sun.reflect.DelegatingMethodAccessorImpl.invoke(Ljava/lang/Object;[Ljava/lang/Object;)Ljava/lang/Object; (10 bytes) @ 0x0000000119b24274 [0x0000000119b24200+0x74]
J 1672 C1 java.lang.reflect.Method.invoke(Ljava/lang/Object;[Ljava/lang/Object;)Ljava/lang/Object; (62 bytes) @ 0x00000001198e3854 [0x00000001198e3460+0x3f4]
j  net.minecraft.launchwrapper.Launch.launch([Ljava/lang/String;)V+661
j  net.minecraft.launchwrapper.Launch.main([Ljava/lang/String;)V+8
v  ~StubRoutines::call_stub
V  [libjvm.dylib+0x2ea39e]  JavaCalls::call_helper(JavaValue*, methodHandle*, JavaCallArguments*, Thread*)+0x6ae
V  [libjvm.dylib+0x321110]  jni_invoke_static(JNIEnv_*, JavaValue*, _jobject*, JNICallType, _jmethodID*, JNI_ArgumentPusher*, Thread*)+0x1bf
V  [libjvm.dylib+0x319e8a]  jni_CallStaticVoidMethod+0x15d
C  [java+0x393e]  JavaMain+0x9b1
C  [libsystem_pthread.dylib+0x68fc]  _pthread_start+0xe0
C  [libsystem_pthread.dylib+0x2443]  thread_start+0xf
C  0x0000000000000000

Java frames: (J=compiled Java code, j=interpreted, Vv=VM code)
j  org.lwjgl.opengl.MacOSXContextImplementation.setView(Ljava/nio/ByteBuffer;Ljava/nio/ByteBuffer;)V+0
j  org.lwjgl.opengl.MacOSXContextImplementation.makeCurrent(Lorg/lwjgl/opengl/PeerInfo;Ljava/nio/ByteBuffer;)V+7
j  org.lwjgl.opengl.ContextGL.makeCurrent()V+46
j  org.lwjgl.opengl.DrawableGL.makeCurrent()V+14
j  org.lwjgl.opengl.Display.makeCurrent()V+3
j  org.lwjgl.opengl.Display.makeCurrentAndSetSwapInterval()V+0
j  org.lwjgl.opengl.Display.create(Lorg/lwjgl/opengl/PixelFormat;Lorg/lwjgl/opengl/Drawable;Lorg/lwjgl/opengl/ContextAttribs;)V+108
j  org.lwjgl.opengl.Display.create(Lorg/lwjgl/opengl/PixelFormat;)V+12
j  net.minecraft.client.Minecraft.func_175609_am()V+22
j  net.minecraft.client.Minecraft.func_71384_a()V+115
j  net.minecraft.client.Minecraft.func_99999_d()V+6
j  net.minecraft.client.main.Main.main([Ljava/lang/String;)V+1094
v  ~StubRoutines::call_stub
j  sun.reflect.NativeMethodAccessorImpl.invoke0(Ljava/lang/reflect/Method;Ljava/lang/Object;[Ljava/lang/Object;)Ljava/lang/Object;+0
j  sun.reflect.NativeMethodAccessorImpl.invoke(Ljava/lang/Object;[Ljava/lang/Object;)Ljava/lang/Object;+100
J 2440 C1 sun.reflect.DelegatingMethodAccessorImpl.invoke(Ljava/lang/Object;[Ljava/lang/Object;)Ljava/lang/Object; (10 bytes) @ 0x0000000119b24274 [0x0000000119b24200+0x74]
J 1672 C1 java.lang.reflect.Method.invoke(Ljava/lang/Object;[Ljava/lang/Object;)Ljava/lang/Object; (62 bytes) @ 0x00000001198e3854 [0x00000001198e3460+0x3f4]
j  net.minecraft.launchwrapper.Launch.launch([Ljava/lang/String;)V+661
j  net.minecraft.launchwrapper.Launch.main([Ljava/lang/String;)V+8
v  ~StubRoutines::call_stub

---------------  P R O C E S S  ---------------

Java Threads: ( => current thread )
  0x00007ff90a217000 JavaThread "Timer hack thread" daemon [_thread_blocked, id=30247, stack(0x000070000936b000,0x000070000946b000)]
  0x00007ff905cbb000 JavaThread "AWT-Shutdown" [_thread_blocked, id=37383, stack(0x0000700008ed6000,0x0000700008fd6000)]
  0x00007ff90978a000 JavaThread "Snooper Timer" daemon [_thread_blocked, id=80139, stack(0x0000700009268000,0x0000700009368000)]
  0x00007ff909f97800 JavaThread "AppKit Thread" daemon [_thread_in_native, id=259, stack(0x00007ffee3967000,0x00007ffee4167000)]
  0x00007ff905843000 JavaThread "Service Thread" daemon [_thread_blocked, id=15107, stack(0x0000700008c4d000,0x0000700008d4d000)]
  0x00007ff905036000 JavaThread "C1 CompilerThread2" daemon [_thread_blocked, id=14851, stack(0x0000700008b4a000,0x0000700008c4a000)]
  0x00007ff906047800 JavaThread "C2 CompilerThread1" daemon [_thread_in_native, id=14339, stack(0x0000700008a47000,0x0000700008b47000)]
  0x00007ff904817800 JavaThread "C2 CompilerThread0" daemon [_thread_in_vm, id=19203, stack(0x0000700008944000,0x0000700008a44000)]
  0x00007ff904810000 JavaThread "Signal Dispatcher" daemon [_thread_blocked, id=13827, stack(0x0000700008841000,0x0000700008941000)]
  0x00007ff90501e800 JavaThread "Finalizer" daemon [_thread_blocked, id=21251, stack(0x0000700008638000,0x0000700008738000)]
  0x00007ff90501e000 JavaThread "Reference Handler" daemon [_thread_blocked, id=11523, stack(0x0000700008535000,0x0000700008635000)]
=>0x00007ff90500e800 JavaThread "Client thread" [_thread_in_native, id=3843, stack(0x0000700007f23000,0x0000700008023000)]

Other Threads:
  0x00007ff90480c800 VMThread [stack: 0x0000700008432000,0x0000700008532000] [id=21507]
  0x00007ff905035800 WatcherThread [stack: 0x0000700008d50000,0x0000700008e50000] [id=15363]

VM state:not at safepoint (normal execution)

VM Mutex/Monitor currently owned by a thread: None

Heap:
 PSYoungGen      total 596992K, used 10961K [0x000000076ab00000, 0x00000007a0d00000, 0x00000007c0000000)
  eden space 550400K, 1% used [0x000000076ab00000,0x000000076b5b45e0,0x000000078c480000)
  from space 46592K, 0% used [0x000000078c480000,0x000000078c480000,0x000000078f200000)
  to   space 48640K, 0% used [0x000000079dd80000,0x000000079dd80000,0x00000007a0d00000)
 ParOldGen       total 268288K, used 100859K [0x00000006c0000000, 0x00000006d0600000, 0x000000076ab00000)
  object space 268288K, 37% used [0x00000006c0000000,0x00000006c627ed28,0x00000006d0600000)
 Metaspace       used 34984K, capacity 35442K, committed 35712K, reserved 1079296K
  class space    used 4742K, capacity 4906K, committed 4992K, reserved 1048576K

Card table byte_map: [0x000000010ef8f000,0x000000010f790000] byte_map_base: 0x000000010b98f000

Marking Bits: (ParMarkBitMap*) 0x000000010e8e3ea0
 Begin Bits: [0x000000010fce6000, 0x0000000113ce6000)
 End Bits:   [0x0000000113ce6000, 0x0000000117ce6000)

Polling page: 0x000000010bb0b000

CodeCache: size=245760Kb used=12332Kb max_used=12348Kb free=233427Kb
 bounds [0x0000000119310000, 0x0000000119f30000, 0x0000000128310000]
 total_blobs=4414 nmethods=3860 adapters=466
 compilation: enabled

Compilation events (10 events):
Event: 12.289 Thread 0x00007ff904817800 4450       4       java.lang.ref.ReferenceQueue::reallyPoll (66 bytes)
Event: 12.289 Thread 0x00007ff905036000 nmethod 4449 0x0000000119f1ea50 code [0x0000000119f1ec80, 0x0000000119f1f6b8]
Event: 12.290 Thread 0x00007ff904817800 nmethod 4450 0x0000000119f1d250 code [0x0000000119f1d3a0, 0x0000000119f1d4d8]
Event: 12.290 Thread 0x00007ff904817800 4451       4       sun.misc.JarIndex::get (49 bytes)
Event: 12.296 Thread 0x00007ff905036000 4453       3       sun.reflect.ReflectionFactory::newFieldAccessor (9 bytes)
Event: 12.297 Thread 0x00007ff905036000 nmethod 4453 0x0000000119f1d990 code [0x0000000119f1db20, 0x0000000119f1de98]
Event: 12.297 Thread 0x00007ff905036000 4454       3       sun.reflect.UnsafeFieldAccessorFactory::newFieldAccessor (676 bytes)
Event: 12.299 Thread 0x00007ff905036000 nmethod 4454 0x0000000119f22ed0 code [0x0000000119f234e0, 0x0000000119f26338]
Event: 12.299 Thread 0x00007ff905036000 4455       3       java.lang.reflect.Field::acquireFieldAccessor (59 bytes)
Event: 12.300 Thread 0x00007ff905036000 nmethod 4455 0x0000000119f19990 code [0x0000000119f19b80, 0x0000000119f1a2e8]

GC Heap History (10 events):
Event: 8.202 GC heap before
{Heap before GC invocations=9 (full 1):
 PSYoungGen      total 306176K, used 283508K [0x000000076ab00000, 0x0000000789000000, 0x00000007c0000000)
  eden space 262144K, 100% used [0x000000076ab00000,0x000000077ab00000,0x000000077ab00000)
  from space 44032K, 48% used [0x000000077ab00000,0x000000077bfdd220,0x000000077d600000)
  to   space 41984K, 0% used [0x0000000786700000,0x0000000786700000,0x0000000789000000)
 ParOldGen       total 177152K, used 50108K [0x00000006c0000000, 0x00000006cad00000, 0x000000076ab00000)
  object space 177152K, 28% used [0x00000006c0000000,0x00000006c30ef1a8,0x00000006cad00000)
 Metaspace       used 26782K, capacity 27088K, committed 27264K, reserved 1073152K
  class space    used 3290K, capacity 3401K, committed 3456K, reserved 1048576K
Event: 8.219 GC heap after
Heap after GC invocations=9 (full 1):
 PSYoungGen      total 445440K, used 25714K [0x000000076ab00000, 0x0000000788a00000, 0x00000007c0000000)
  eden space 409600K, 0% used [0x000000076ab00000,0x000000076ab00000,0x0000000783b00000)
  from space 35840K, 71% used [0x0000000786700000,0x000000078801c900,0x0000000788a00000)
  to   space 40448K, 0% used [0x0000000783b00000,0x0000000783b00000,0x0000000786280000)
 ParOldGen       total 177152K, used 50116K [0x00000006c0000000, 0x00000006cad00000, 0x000000076ab00000)
  object space 177152K, 28% used [0x00000006c0000000,0x00000006c30f11a8,0x00000006cad00000)
 Metaspace       used 26782K, capacity 27088K, committed 27264K, reserved 1073152K
  class space    used 3290K, capacity 3401K, committed 3456K, reserved 1048576K
}
Event: 9.661 GC heap before
{Heap before GC invocations=10 (full 1):
 PSYoungGen      total 445440K, used 435314K [0x000000076ab00000, 0x0000000788a00000, 0x00000007c0000000)
  eden space 409600K, 100% used [0x000000076ab00000,0x0000000783b00000,0x0000000783b00000)
  from space 35840K, 71% used [0x0000000786700000,0x000000078801c900,0x0000000788a00000)
  to   space 40448K, 0% used [0x0000000783b00000,0x0000000783b00000,0x0000000786280000)
 ParOldGen       total 177152K, used 50116K [0x00000006c0000000, 0x00000006cad00000, 0x000000076ab00000)
  object space 177152K, 28% used [0x00000006c0000000,0x00000006c30f11a8,0x00000006cad00000)
 Metaspace       used 29742K, capacity 30068K, committed 30464K, reserved 1075200K
  class space    used 3911K, capacity 4009K, committed 4096K, reserved 1048576K
Event: 9.703 GC heap after
Heap after GC invocations=10 (full 1):
 PSYoungGen      total 450048K, used 39791K [0x000000076ab00000, 0x0000000791e80000, 0x00000007c0000000)
  eden space 409600K, 0% used [0x000000076ab00000,0x000000076ab00000,0x0000000783b00000)
  from space 40448K, 98% used [0x0000000783b00000,0x00000007861dbef8,0x0000000786280000)
  to   space 45568K, 0% used [0x000000078f200000,0x000000078f200000,0x0000000791e80000)
 ParOldGen       total 177152K, used 50124K [0x00000006c0000000, 0x00000006cad00000, 0x000000076ab00000)
  object space 177152K, 28% used [0x00000006c0000000,0x00000006c30f31a8,0x00000006cad00000)
 Metaspace       used 29742K, capacity 30068K, committed 30464K, reserved 1075200K
  class space    used 3911K, capacity 4009K, committed 4096K, reserved 1048576K
}
Event: 11.670 GC heap before
{Heap before GC invocations=11 (full 1):
 PSYoungGen      total 450048K, used 449391K [0x000000076ab00000, 0x0000000791e80000, 0x00000007c0000000)
  eden space 409600K, 100% used [0x000000076ab00000,0x0000000783b00000,0x0000000783b00000)
  from space 40448K, 98% used [0x0000000783b00000,0x00000007861dbef8,0x0000000786280000)
  to   space 45568K, 0% used [0x000000078f200000,0x000000078f200000,0x0000000791e80000)
 ParOldGen       total 177152K, used 50124K [0x00000006c0000000, 0x00000006cad00000, 0x000000076ab00000)
  object space 177152K, 28% used [0x00000006c0000000,0x00000006c30f31a8,0x00000006cad00000)
 Metaspace       used 33599K, capacity 33984K, committed 34304K, reserved 1079296K
  class space    used 4583K, capacity 4737K, committed 4864K, reserved 1048576K
Event: 11.722 GC heap after
Heap after GC invocations=11 (full 1):
 PSYoungGen      total 595968K, used 33630K [0x000000076ab00000, 0x0000000792180000, 0x00000007c0000000)
  eden space 550400K, 0% used [0x000000076ab00000,0x000000076ab00000,0x000000078c480000)
  from space 45568K, 73% used [0x000000078f200000,0x00000007912d7880,0x0000000791e80000)
  to   space 46592K, 0% used [0x000000078c480000,0x000000078c480000,0x000000078f200000)
 ParOldGen       total 177152K, used 72329K [0x00000006c0000000, 0x00000006cad00000, 0x000000076ab00000)
  object space 177152K, 40% used [0x00000006c0000000,0x00000006c46a2750,0x00000006cad00000)
 Metaspace       used 33599K, capacity 33984K, committed 34304K, reserved 1079296K
  class space    used 4583K, capacity 4737K, committed 4864K, reserved 1048576K
}
Event: 12.000 GC heap before
{Heap before GC invocations=12 (full 1):
 PSYoungGen      total 595968K, used 126826K [0x000000076ab00000, 0x0000000792180000, 0x00000007c0000000)
  eden space 550400K, 16% used [0x000000076ab00000,0x0000000770603050,0x000000078c480000)
  from space 45568K, 73% used [0x000000078f200000,0x00000007912d7880,0x0000000791e80000)
  to   space 46592K, 0% used [0x000000078c480000,0x000000078c480000,0x000000078f200000)
 ParOldGen       total 177152K, used 72329K [0x00000006c0000000, 0x00000006cad00000, 0x000000076ab00000)
  object space 177152K, 40% used [0x00000006c0000000,0x00000006c46a2750,0x00000006cad00000)
 Metaspace       used 34853K, capacity 35218K, committed 35456K, reserved 1079296K
  class space    used 4729K, capacity 4874K, committed 4992K, reserved 1048576K
Event: 12.035 GC heap after
Heap after GC invocations=12 (full 1):
 PSYoungGen      total 596992K, used 1702K [0x000000076ab00000, 0x00000007a0d00000, 0x00000007c0000000)
  eden space 550400K, 0% used [0x000000076ab00000,0x000000076ab00000,0x000000078c480000)
  from space 46592K, 3% used [0x000000078c480000,0x000000078c629ab8,0x000000078f200000)
  to   space 48640K, 0% used [0x000000079dd80000,0x000000079dd80000,0x00000007a0d00000)
 ParOldGen       total 177152K, used 102539K [0x00000006c0000000, 0x00000006cad00000, 0x000000076ab00000)
  object space 177152K, 57% used [0x00000006c0000000,0x00000006c6422e90,0x00000006cad00000)
 Metaspace       used 34853K, capacity 35218K, committed 35456K, reserved 1079296K
  class space    used 4729K, capacity 4874K, committed 4992K, reserved 1048576K
}
Event: 12.035 GC heap before
{Heap before GC invocations=13 (full 2):
 PSYoungGen      total 596992K, used 1702K [0x000000076ab00000, 0x00000007a0d00000, 0x00000007c0000000)
  eden space 550400K, 0% used [0x000000076ab00000,0x000000076ab00000,0x000000078c480000)
  from space 46592K, 3% used [0x000000078c480000,0x000000078c629ab8,0x000000078f200000)
  to   space 48640K, 0% used [0x000000079dd80000,0x000000079dd80000,0x00000007a0d00000)
 ParOldGen       total 177152K, used 102539K [0x00000006c0000000, 0x00000006cad00000, 0x000000076ab00000)
  object space 177152K, 57% used [0x00000006c0000000,0x00000006c6422e90,0x00000006cad00000)
 Metaspace       used 34853K, capacity 35218K, committed 35456K, reserved 1079296K
  class space    used 4729K, capacity 4874K, committed 4992K, reserved 1048576K
Event: 12.288 GC heap after
Heap after GC invocations=13 (full 2):
 PSYoungGen      total 596992K, used 0K [0x000000076ab00000, 0x00000007a0d00000, 0x00000007c0000000)
  eden space 550400K, 0% used [0x000000076ab00000,0x000000076ab00000,0x000000078c480000)
  from space 46592K, 0% used [0x000000078c480000,0x000000078c480000,0x000000078f200000)
  to   space 48640K, 0% used [0x000000079dd80000,0x000000079dd80000,0x00000007a0d00000)
 ParOldGen       total 268288K, used 100859K [0x00000006c0000000, 0x00000006d0600000, 0x000000076ab00000)
  object space 268288K, 37% used [0x00000006c0000000,0x00000006c627ed28,0x00000006d0600000)
 Metaspace       used 34853K, capacity 35218K, committed 35456K, reserved 1079296K
  class space    used 4729K, capacity 4874K, committed 4992K, reserved 1048576K
}

Deoptimization events (10 events):
Event: 10.463 Thread 0x00007ff90500e800 Uncommon trap: reason=unstable_if action=reinterpret pc=0x0000000119779ba4 method=java.util.concurrent.ConcurrentHashMap.putVal(Ljava/lang/Object;Ljava/lang/Object;Z)Ljava/lang/Object; @ 195
Event: 10.530 Thread 0x00007ff90500e800 Uncommon trap: reason=class_check action=maybe_recompile pc=0x0000000119479170 method=org.objectweb.asm.commons.LocalVariablesSorter.visitFrame(II[Ljava/lang/Object;I[Ljava/lang/Object;)V @ 167
Event: 10.530 Thread 0x00007ff90500e800 Uncommon trap: reason=class_check action=maybe_recompile pc=0x0000000119479170 method=org.objectweb.asm.commons.LocalVariablesSorter.visitFrame(II[Ljava/lang/Object;I[Ljava/lang/Object;)V @ 167
Event: 10.768 Thread 0x00007ff90500e800 Uncommon trap: reason=unstable_if action=reinterpret pc=0x0000000119d761a8 method=org.objectweb.asm.tree.MethodNode.accept(Lorg/objectweb/asm/MethodVisitor;)V @ 168
Event: 10.772 Thread 0x00007ff90500e800 Uncommon trap: reason=predicate action=maybe_recompile pc=0x0000000119c636b0 method=org.objectweb.asm.ClassReader.readField(Lorg/objectweb/asm/ClassVisitor;Lorg/objectweb/asm/Context;I)I @ 434
Event: 10.793 Thread 0x00007ff90500e800 Uncommon trap: reason=unstable_if action=reinterpret pc=0x00000001194327bc method=org.objectweb.asm.Type.getArgumentsAndReturnSizes(Ljava/lang/String;)I @ 100
Event: 11.286 Thread 0x00007ff90500e800 Uncommon trap: reason=unstable_if action=reinterpret pc=0x000000011984f46c method=java.util.Date.normalize()Lsun/util/calendar/BaseCalendar$Date; @ 45
Event: 11.513 Thread 0x00007ff90500e800 Uncommon trap: reason=unstable_if action=reinterpret pc=0x0000000119db7e4c method=com.google.gson.stream.JsonReader.nextNonWhitespace(Z)I @ 100
Event: 11.531 Thread 0x00007ff90500e800 Uncommon trap: reason=unstable_if action=reinterpret pc=0x000000011957a9c8 method=net.minecraftforge.fml.common.asm.transformers.TerminalTransformer$ExitVisitor$1.visitMethodInsn(ILjava/lang/String;Ljava/lang/String;Ljava/lang/String;Z)V @ 22
Event: 11.924 Thread 0x00007ff90500e800 Uncommon trap: reason=unstable_if action=reinterpret pc=0x0000000119e9cb9c method=com.google.common.base.AbstractIterator.next()Ljava/lang/Object; @ 4

Internal exceptions (10 events):
Event: 11.937 Thread 0x00007ff90500e800 Implicit null exception at 0x000000011961b874 to 0x000000011961c8a6
Event: 11.937 Thread 0x00007ff90500e800 Exception <a 'java/lang/NullPointerException'> (0x000000076f693c60) thrown at [/Users/java_re/workspace/8-2-build-macosx-x86_64/jdk8u74/6087/hotspot/src/share/vm/runtime/sharedRuntime.cpp, line 605]
Event: 11.937 Thread 0x00007ff90500e800 Implicit null exception at 0x000000011961b874 to 0x000000011961c8a6
Event: 11.937 Thread 0x00007ff90500e800 Exception <a 'java/lang/NullPointerException'> (0x000000076f69a1c8) thrown at [/Users/java_re/workspace/8-2-build-macosx-x86_64/jdk8u74/6087/hotspot/src/share/vm/runtime/sharedRuntime.cpp, line 605]
Event: 11.938 Thread 0x00007ff90500e800 Implicit null exception at 0x000000011961b874 to 0x000000011961c8a6
Event: 11.938 Thread 0x00007ff90500e800 Exception <a 'java/lang/NullPointerException'> (0x000000076f6a46a0) thrown at [/Users/java_re/workspace/8-2-build-macosx-x86_64/jdk8u74/6087/hotspot/src/share/vm/runtime/sharedRuntime.cpp, line 605]
Event: 11.938 Thread 0x00007ff90500e800 Implicit null exception at 0x000000011961b874 to 0x000000011961c8a6
Event: 11.938 Thread 0x00007ff90500e800 Exception <a 'java/lang/NullPointerException'> (0x000000076f6a9c80) thrown at [/Users/java_re/workspace/8-2-build-macosx-x86_64/jdk8u74/6087/hotspot/src/share/vm/runtime/sharedRuntime.cpp, line 605]
Event: 11.938 Thread 0x00007ff90500e800 Implicit null exception at 0x000000011961b874 to 0x000000011961c8a6
Event: 11.938 Thread 0x00007ff90500e800 Exception <a 'java/lang/NullPointerException'> (0x000000076f6b98c0) thrown at [/Users/java_re/workspace/8-2-build-macosx-x86_64/jdk8u74/6087/hotspot/src/share/vm/runtime/sharedRuntime.cpp, line 605]

Events (10 events):
Event: 12.301 loading class org/lwjgl/opengl/ContextGL
Event: 12.301 loading class org/lwjgl/opengl/ContextGL done
Event: 12.301 loading class org/lwjgl/opengl/ContextImplementation
Event: 12.301 loading class org/lwjgl/opengl/ContextImplementation done
Event: 12.302 loading class org/lwjgl/opengl/MacOSXContextImplementation
Event: 12.302 loading class org/lwjgl/opengl/MacOSXContextImplementation done
Event: 12.302 loading class org/lwjgl/opengl/GLContext
Event: 12.302 loading class org/lwjgl/opengl/GLContext done
Event: 12.303 loading class org/lwjgl/opengl/GLContext$CapabilitiesCacheEntry
Event: 12.303 loading class org/lwjgl/opengl/GLContext$CapabilitiesCacheEntry done


Dynamic libraries:
0x0000000000295000 	/System/Library/Frameworks/Cocoa.framework/Versions/A/Cocoa
0x0000000000295000 	/System/Library/Frameworks/Security.framework/Versions/A/Security
0x0000000000295000 	/System/Library/Frameworks/ApplicationServices.framework/Versions/A/ApplicationServices
0x0000000000295000 	/usr/lib/libz.1.dylib
0x0000000000295000 	/usr/lib/libSystem.B.dylib
0x0000000000295000 	/usr/lib/libobjc.A.dylib
0x0000000000295000 	/System/Library/Frameworks/CoreFoundation.framework/Versions/A/CoreFoundation
0x0000000000295000 	/System/Library/Frameworks/Foundation.framework/Versions/C/Foundation
0x0000000000295000 	/System/Library/Frameworks/AppKit.framework/Versions/C/AppKit
0x0000000000295000 	/System/Library/Frameworks/CoreData.framework/Versions/A/CoreData
0x0000000000295000 	/System/Library/PrivateFrameworks/UIFoundation.framework/Versions/A/UIFoundation
0x0000000000295000 	/System/Library/PrivateFrameworks/RemoteViewServices.framework/Versions/A/RemoteViewServices
0x0000000000295000 	/System/Library/PrivateFrameworks/XCTTargetBootstrap.framework/Versions/A/XCTTargetBootstrap
0x0000000000295000 	/usr/lib/libspindump.dylib
0x0000000000295000 	/System/Library/Frameworks/UniformTypeIdentifiers.framework/Versions/A/UniformTypeIdentifiers
0x0000000000295000 	/usr/lib/libapp_launch_measurement.dylib
0x0000000000295000 	/System/Library/PrivateFrameworks/CoreAutoLayout.framework/Versions/A/CoreAutoLayout
0x0000000000295000 	/System/Library/Frameworks/Metal.framework/Versions/A/Metal
0x0000000000295000 	/usr/lib/liblangid.dylib
0x0000000000295000 	/System/Library/PrivateFrameworks/CoreSVG.framework/Versions/A/CoreSVG
0x0000000000295000 	/System/Library/PrivateFrameworks/SkyLight.framework/Versions/A/SkyLight
0x0000000000295000 	/System/Library/Frameworks/CoreGraphics.framework/Versions/A/CoreGraphics
0x0000000000295000 	/System/Library/Frameworks/Accelerate.framework/Versions/A/Accelerate
0x0000000000295000 	/System/Library/PrivateFrameworks/IconServices.framework/Versions/A/IconServices
0x0000000000295000 	/System/Library/Frameworks/IOSurface.framework/Versions/A/IOSurface
0x0000000000295000 	/usr/lib/libDiagnosticMessagesClient.dylib
0x0000000000295000 	/System/Library/PrivateFrameworks/DFRFoundation.framework/Versions/A/DFRFoundation
0x0000000000295000 	/usr/lib/libicucore.A.dylib
0x0000000000295000 	/System/Library/Frameworks/AudioToolbox.framework/Versions/A/AudioToolbox
0x0000000000295000 	/System/Library/PrivateFrameworks/DataDetectorsCore.framework/Versions/A/DataDetectorsCore
0x0000000000295000 	/usr/lib/libMobileGestalt.dylib
0x0000000000295000 	/System/Library/Frameworks/Carbon.framework/Versions/A/Frameworks/HIToolbox.framework/Versions/A/HIToolbox
0x0000000000295000 	/System/Library/Frameworks/QuartzCore.framework/Versions/A/QuartzCore
0x0000000000295000 	/System/Library/Frameworks/Carbon.framework/Versions/A/Frameworks/SpeechRecognition.framework/Versions/A/SpeechRecognition
0x0000000000295000 	/System/Library/PrivateFrameworks/CoreUI.framework/Versions/A/CoreUI
0x0000000000295000 	/System/Library/Frameworks/CoreAudio.framework/Versions/A/CoreAudio
0x0000000000295000 	/System/Library/Frameworks/DiskArbitration.framework/Versions/A/DiskArbitration
0x0000000000295000 	/System/Library/PrivateFrameworks/MultitouchSupport.framework/Versions/A/MultitouchSupport
0x0000000000295000 	/System/Library/PrivateFrameworks/InternationalSupport.framework/Versions/A/InternationalSupport
0x0000000000295000 	/usr/lib/libenergytrace.dylib
0x0000000000295000 	/System/Library/Frameworks/IOKit.framework/Versions/A/IOKit
0x0000000000295000 	/System/Library/Frameworks/CoreServices.framework/Versions/A/CoreServices
0x0000000000295000 	/System/Library/PrivateFrameworks/PerformanceAnalysis.framework/Versions/A/PerformanceAnalysis
0x0000000000295000 	/System/Library/Frameworks/OpenGL.framework/Versions/A/OpenGL
0x0000000000295000 	/System/Library/PrivateFrameworks/UserActivity.framework/Versions/A/UserActivity
0x0000000000295000 	/System/Library/Frameworks/ColorSync.framework/Versions/A/ColorSync
0x0000000000295000 	/System/Library/Frameworks/CoreImage.framework/Versions/A/CoreImage
0x0000000000295000 	/System/Library/Frameworks/CoreText.framework/Versions/A/CoreText
0x0000000000295000 	/System/Library/Frameworks/ImageIO.framework/Versions/A/ImageIO
0x0000000000295000 	/System/Library/PrivateFrameworks/SoftLinking.framework/Versions/A/SoftLinking
0x0000000000295000 	/usr/lib/libxml2.2.dylib
0x0000000000295000 	/usr/lib/libc++.1.dylib
0x0000000000295000 	/usr/lib/libcompression.dylib
0x0000000000295000 	/System/Library/PrivateFrameworks/TextureIO.framework/Versions/A/TextureIO
0x0000000000295000 	/usr/lib/libate.dylib
0x0000000000295000 	/usr/lib/system/libcache.dylib
0x0000000000295000 	/usr/lib/system/libcommonCrypto.dylib
0x0000000000295000 	/usr/lib/system/libcompiler_rt.dylib
0x0000000000295000 	/usr/lib/system/libcopyfile.dylib
0x0000000000295000 	/usr/lib/system/libcorecrypto.dylib
0x0000000000295000 	/usr/lib/system/libdispatch.dylib
0x0000000000295000 	/usr/lib/system/libdyld.dylib
0x0000000000295000 	/usr/lib/system/libkeymgr.dylib
0x0000000000295000 	/usr/lib/system/liblaunch.dylib
0x0000000000295000 	/usr/lib/system/libmacho.dylib
0x0000000000295000 	/usr/lib/system/libquarantine.dylib
0x0000000000295000 	/usr/lib/system/libremovefile.dylib
0x0000000000295000 	/usr/lib/system/libsystem_asl.dylib
0x0000000000295000 	/usr/lib/system/libsystem_blocks.dylib
0x0000000000295000 	/usr/lib/system/libsystem_c.dylib
0x0000000000295000 	/usr/lib/system/libsystem_collections.dylib
0x0000000000295000 	/usr/lib/system/libsystem_configuration.dylib
0x0000000000295000 	/usr/lib/system/libsystem_containermanager.dylib
0x0000000000295000 	/usr/lib/system/libsystem_coreservices.dylib
0x0000000000295000 	/usr/lib/system/libsystem_darwin.dylib
0x0000000000295000 	/usr/lib/system/libsystem_dnssd.dylib
0x0000000000295000 	/usr/lib/system/libsystem_featureflags.dylib
0x0000000000295000 	/usr/lib/system/libsystem_info.dylib
0x0000000000295000 	/usr/lib/system/libsystem_m.dylib
0x0000000000295000 	/usr/lib/system/libsystem_malloc.dylib
0x0000000000295000 	/usr/lib/system/libsystem_networkextension.dylib
0x0000000000295000 	/usr/lib/system/libsystem_notify.dylib
0x0000000000295000 	/usr/lib/system/libsystem_product_info_filter.dylib
0x0000000000295000 	/usr/lib/system/libsystem_sandbox.dylib
0x0000000000295000 	/usr/lib/system/libsystem_secinit.dylib
0x0000000000295000 	/usr/lib/system/libsystem_kernel.dylib
0x0000000000295000 	/usr/lib/system/libsystem_platform.dylib
0x0000000000295000 	/usr/lib/system/libsystem_pthread.dylib
0x0000000000295000 	/usr/lib/system/libsystem_symptoms.dylib
0x0000000000295000 	/usr/lib/system/libsystem_trace.dylib
0x0000000000295000 	/usr/lib/system/libunwind.dylib
0x0000000000295000 	/usr/lib/system/libxpc.dylib
0x0000000000295000 	/usr/lib/libc++abi.dylib
0x0000000000295000 	/usr/lib/liboah.dylib
0x0000000000295000 	/usr/lib/liblzma.5.dylib
0x0000000000295000 	/System/Library/Frameworks/SystemConfiguration.framework/Versions/A/SystemConfiguration
0x0000000000295000 	/usr/lib/libfakelink.dylib
0x0000000000295000 	/System/Library/Frameworks/CFNetwork.framework/Versions/A/CFNetwork
0x0000000000295000 	/usr/lib/libarchive.2.dylib
0x0000000000295000 	/usr/lib/libCRFSuite.dylib
0x0000000000295000 	/usr/lib/libbsm.0.dylib
0x0000000000295000 	/usr/lib/libnetwork.dylib
0x0000000000295000 	/usr/lib/libpcap.A.dylib
0x0000000000295000 	/usr/lib/libdns_services.dylib
0x0000000000295000 	/usr/lib/libcoretls_cfhelpers.dylib
0x0000000000295000 	/usr/lib/libapple_nghttp2.dylib
0x0000000000295000 	/usr/lib/system/libkxld.dylib
0x0000000000295000 	/usr/lib/libsqlite3.dylib
0x0000000000295000 	/System/Library/PrivateFrameworks/AppleFSCompression.framework/Versions/A/AppleFSCompression
0x0000000000295000 	/usr/lib/libcoretls.dylib
0x0000000000295000 	/usr/lib/libpam.2.dylib
0x0000000000295000 	/usr/lib/libxar.1.dylib
0x0000000000295000 	/System/Library/PrivateFrameworks/AppleSystemInfo.framework/Versions/A/AppleSystemInfo
0x0000000000295000 	/System/Library/PrivateFrameworks/IOMobileFramebuffer.framework/Versions/A/IOMobileFramebuffer
0x0000000000295000 	/usr/lib/libbz2.1.0.dylib
0x0000000000295000 	/usr/lib/libiconv.2.dylib
0x0000000000295000 	/usr/lib/libcharset.1.dylib
0x0000000000295000 	/System/Library/Frameworks/CoreServices.framework/Versions/A/Frameworks/FSEvents.framework/Versions/A/FSEvents
0x0000000000295000 	/System/Library/Frameworks/CoreServices.framework/Versions/A/Frameworks/CarbonCore.framework/Versions/A/CarbonCore
0x0000000000295000 	/System/Library/Frameworks/CoreServices.framework/Versions/A/Frameworks/Metadata.framework/Versions/A/Metadata
0x0000000000295000 	/System/Library/Frameworks/CoreServices.framework/Versions/A/Frameworks/OSServices.framework/Versions/A/OSServices
0x0000000000295000 	/System/Library/Frameworks/CoreServices.framework/Versions/A/Frameworks/SearchKit.framework/Versions/A/SearchKit
0x0000000000295000 	/System/Library/Frameworks/CoreServices.framework/Versions/A/Frameworks/AE.framework/Versions/A/AE
0x0000000000295000 	/System/Library/Frameworks/CoreServices.framework/Versions/A/Frameworks/LaunchServices.framework/Versions/A/LaunchServices
0x0000000000295000 	/System/Library/Frameworks/CoreServices.framework/Versions/A/Frameworks/DictionaryServices.framework/Versions/A/DictionaryServices
0x0000000000295000 	/System/Library/Frameworks/CoreServices.framework/Versions/A/Frameworks/SharedFileList.framework/Versions/A/SharedFileList
0x0000000000295000 	/usr/lib/libCheckFix.dylib
0x0000000000295000 	/System/Library/PrivateFrameworks/TCC.framework/Versions/A/TCC
0x0000000000295000 	/System/Library/PrivateFrameworks/CoreNLP.framework/Versions/A/CoreNLP
0x0000000000295000 	/System/Library/PrivateFrameworks/MetadataUtilities.framework/Versions/A/MetadataUtilities
0x0000000000295000 	/usr/lib/libmecabra.dylib
0x0000000000295000 	/System/Library/Frameworks/MLCompute.framework/Versions/A/MLCompute
0x0000000000295000 	/usr/lib/libmecab.dylib
0x0000000000295000 	/usr/lib/libgermantok.dylib
0x0000000000295000 	/usr/lib/libThaiTokenizer.dylib
0x0000000000295000 	/usr/lib/libChineseTokenizer.dylib
0x0000000000295000 	/System/Library/Frameworks/MetalPerformanceShaders.framework/Versions/A/MetalPerformanceShaders
0x0000000000295000 	/System/Library/Frameworks/Accelerate.framework/Versions/A/Frameworks/vImage.framework/Versions/A/vImage
0x0000000000295000 	/System/Library/Frameworks/Accelerate.framework/Versions/A/Frameworks/vecLib.framework/Versions/A/vecLib
0x0000000000295000 	/System/Library/Frameworks/Accelerate.framework/Versions/A/Frameworks/vecLib.framework/Versions/A/libvMisc.dylib
0x0000000000295000 	/System/Library/Frameworks/Accelerate.framework/Versions/A/Frameworks/vecLib.framework/Versions/A/libvDSP.dylib
0x0000000000295000 	/System/Library/Frameworks/Accelerate.framework/Versions/A/Frameworks/vecLib.framework/Versions/A/libBLAS.dylib
0x0000000000295000 	/System/Library/Frameworks/Accelerate.framework/Versions/A/Frameworks/vecLib.framework/Versions/A/libLAPACK.dylib
0x0000000000295000 	/System/Library/Frameworks/Accelerate.framework/Versions/A/Frameworks/vecLib.framework/Versions/A/libLinearAlgebra.dylib
0x0000000000295000 	/System/Library/Frameworks/Accelerate.framework/Versions/A/Frameworks/vecLib.framework/Versions/A/libSparseBLAS.dylib
0x0000000000295000 	/System/Library/Frameworks/Accelerate.framework/Versions/A/Frameworks/vecLib.framework/Versions/A/libQuadrature.dylib
0x0000000000295000 	/System/Library/Frameworks/Accelerate.framework/Versions/A/Frameworks/vecLib.framework/Versions/A/libBNNS.dylib
0x0000000000295000 	/System/Library/Frameworks/Accelerate.framework/Versions/A/Frameworks/vecLib.framework/Versions/A/libSparse.dylib
0x0000000000295000 	/System/Library/Frameworks/MetalPerformanceShaders.framework/Versions/A/Frameworks/MPSCore.framework/Versions/A/MPSCore
0x0000000000295000 	/System/Library/Frameworks/MetalPerformanceShaders.framework/Versions/A/Frameworks/MPSImage.framework/Versions/A/MPSImage
0x0000000000295000 	/System/Library/Frameworks/MetalPerformanceShaders.framework/Versions/A/Frameworks/MPSNeuralNetwork.framework/Versions/A/MPSNeuralNetwork
0x0000000000295000 	/System/Library/Frameworks/MetalPerformanceShaders.framework/Versions/A/Frameworks/MPSMatrix.framework/Versions/A/MPSMatrix
0x0000000000295000 	/System/Library/Frameworks/MetalPerformanceShaders.framework/Versions/A/Frameworks/MPSRayIntersector.framework/Versions/A/MPSRayIntersector
0x0000000000295000 	/System/Library/Frameworks/MetalPerformanceShaders.framework/Versions/A/Frameworks/MPSNDArray.framework/Versions/A/MPSNDArray
0x0000000000295000 	/System/Library/PrivateFrameworks/MetalTools.framework/Versions/A/MetalTools
0x0000000000295000 	/System/Library/PrivateFrameworks/AggregateDictionary.framework/Versions/A/AggregateDictionary
0x0000000000295000 	/System/Library/PrivateFrameworks/CoreAnalytics.framework/Versions/A/CoreAnalytics
0x0000000000295000 	/System/Library/PrivateFrameworks/AppleSauce.framework/Versions/A/AppleSauce
0x0000000000295000 	/System/Library/PrivateFrameworks/IOAccelerator.framework/Versions/A/IOAccelerator
0x0000000000295000 	/System/Library/Frameworks/OpenGL.framework/Versions/A/Libraries/libCoreFSCache.dylib
0x0000000000295000 	/System/Library/PrivateFrameworks/LanguageModeling.framework/Versions/A/LanguageModeling
0x0000000000295000 	/System/Library/PrivateFrameworks/CoreEmoji.framework/Versions/A/CoreEmoji
0x0000000000295000 	/System/Library/PrivateFrameworks/LinguisticData.framework/Versions/A/LinguisticData
0x0000000000295000 	/System/Library/PrivateFrameworks/Lexicon.framework/Versions/A/Lexicon
0x0000000000295000 	/usr/lib/libcmph.dylib
0x0000000000295000 	/System/Library/Frameworks/OpenDirectory.framework/Versions/A/Frameworks/CFOpenDirectory.framework/Versions/A/CFOpenDirectory
0x0000000000295000 	/System/Library/Frameworks/OpenDirectory.framework/Versions/A/OpenDirectory
0x0000000000295000 	/System/Library/PrivateFrameworks/APFS.framework/Versions/A/APFS
0x0000000000295000 	/System/Library/Frameworks/SecurityFoundation.framework/Versions/A/SecurityFoundation
0x0000000000295000 	/usr/lib/libutil.dylib
0x0000000000295000 	/System/Library/PrivateFrameworks/CoreServicesStore.framework/Versions/A/CoreServicesStore
0x0000000000295000 	/System/Library/Frameworks/ServiceManagement.framework/Versions/A/ServiceManagement
0x0000000000295000 	/usr/lib/libxslt.1.dylib
0x0000000000295000 	/System/Library/PrivateFrameworks/BackgroundTaskManagement.framework/Versions/A/BackgroundTaskManagement
0x0000000000295000 	/System/Library/Frameworks/ImageIO.framework/Versions/A/Resources/libRadiance.dylib
0x0000000000295000 	/System/Library/Frameworks/ImageIO.framework/Versions/A/Resources/libJPEG.dylib
0x0000000000295000 	/System/Library/Frameworks/ImageIO.framework/Versions/A/Resources/libPng.dylib
0x0000000000295000 	/System/Library/Frameworks/ImageIO.framework/Versions/A/Resources/libTIFF.dylib
0x0000000000295000 	/System/Library/Frameworks/ImageIO.framework/Versions/A/Resources/libGIF.dylib
0x0000000000295000 	/System/Library/Frameworks/ImageIO.framework/Versions/A/Resources/libJP2.dylib
0x0000000000295000 	/usr/lib/libexpat.1.dylib
0x0000000000295000 	/System/Library/PrivateFrameworks/AppleJPEG.framework/Versions/A/AppleJPEG
0x0000000000295000 	/System/Library/PrivateFrameworks/FontServices.framework/libFontParser.dylib
0x0000000000295000 	/System/Library/PrivateFrameworks/RunningBoardServices.framework/Versions/A/RunningBoardServices
0x0000000000295000 	/System/Library/PrivateFrameworks/WatchdogClient.framework/Versions/A/WatchdogClient
0x0000000000295000 	/System/Library/Frameworks/CoreDisplay.framework/Versions/A/CoreDisplay
0x0000000000295000 	/System/Library/Frameworks/CoreMedia.framework/Versions/A/CoreMedia
0x0000000000295000 	/System/Library/Frameworks/CoreVideo.framework/Versions/A/CoreVideo
0x0000000000295000 	/System/Library/Frameworks/VideoToolbox.framework/Versions/A/VideoToolbox
0x0000000000295000 	/System/Library/PrivateFrameworks/BaseBoard.framework/Versions/A/BaseBoard
0x0000000000295000 	/System/Library/PrivateFrameworks/PersistentConnection.framework/Versions/A/PersistentConnection
0x0000000000295000 	/System/Library/PrivateFrameworks/ProtocolBuffer.framework/Versions/A/ProtocolBuffer
0x0000000000295000 	/System/Library/PrivateFrameworks/CommonUtilities.framework/Versions/A/CommonUtilities
0x0000000000295000 	/System/Library/PrivateFrameworks/Bom.framework/Versions/A/Bom
0x0000000000295000 	/System/Library/PrivateFrameworks/GPUWrangler.framework/Versions/A/GPUWrangler
0x0000000000295000 	/System/Library/PrivateFrameworks/IOPresentment.framework/Versions/A/IOPresentment
0x0000000000295000 	/System/Library/PrivateFrameworks/DSExternalDisplay.framework/Versions/A/DSExternalDisplay
0x0000000000295000 	/System/Library/PrivateFrameworks/CMCaptureCore.framework/Versions/A/CMCaptureCore
0x0000000000295000 	/System/Library/PrivateFrameworks/AppServerSupport.framework/Versions/A/AppServerSupport
0x0000000000295000 	/System/Library/PrivateFrameworks/perfdata.framework/Versions/A/perfdata
0x0000000000295000 	/System/Library/PrivateFrameworks/AssertionServices.framework/Versions/A/AssertionServices
0x0000000000295000 	/System/Library/PrivateFrameworks/AudioToolboxCore.framework/Versions/A/AudioToolboxCore
0x0000000000295000 	/System/Library/PrivateFrameworks/caulk.framework/Versions/A/caulk
0x0000000000295000 	/System/Library/PrivateFrameworks/SystemPolicy.framework/Versions/A/SystemPolicy
0x0000000000295000 	/usr/lib/libIOReport.dylib
0x0000000000295000 	/usr/lib/libSMC.dylib
0x0000000000295000 	/usr/lib/libAudioToolboxUtility.dylib
0x0000000000295000 	/usr/lib/libmis.dylib
0x0000000000295000 	/System/Library/Frameworks/OpenGL.framework/Versions/A/Libraries/libGLU.dylib
0x0000000000295000 	/System/Library/Frameworks/OpenGL.framework/Versions/A/Libraries/libGFXShared.dylib
0x0000000000295000 	/System/Library/Frameworks/OpenGL.framework/Versions/A/Libraries/libGL.dylib
0x0000000000295000 	/System/Library/Frameworks/OpenGL.framework/Versions/A/Libraries/libGLImage.dylib
0x0000000000295000 	/System/Library/Frameworks/OpenGL.framework/Versions/A/Libraries/libCVMSPluginSupport.dylib
0x0000000000295000 	/System/Library/Frameworks/OpenGL.framework/Versions/A/Libraries/libCoreVMClient.dylib
0x0000000000295000 	/System/Library/Frameworks/OpenCL.framework/Versions/A/OpenCL
0x0000000000295000 	/System/Library/PrivateFrameworks/GraphVisualizer.framework/Versions/A/GraphVisualizer
0x0000000000295000 	/System/Library/PrivateFrameworks/FaceCore.framework/Versions/A/FaceCore
0x0000000000295000 	/System/Library/PrivateFrameworks/OTSVG.framework/Versions/A/OTSVG
0x0000000000295000 	/System/Library/Frameworks/ApplicationServices.framework/Versions/A/Frameworks/ATS.framework/Versions/A/Resources/libFontRegistry.dylib
0x0000000000295000 	/System/Library/PrivateFrameworks/FontServices.framework/libhvf.dylib
0x0000000000295000 	/System/Library/PrivateFrameworks/AppleVA.framework/Versions/A/AppleVA
0x0000000000295000 	/System/Library/Frameworks/ApplicationServices.framework/Versions/A/Frameworks/ATS.framework/Versions/A/ATS
0x0000000000295000 	/System/Library/Frameworks/ApplicationServices.framework/Versions/A/Frameworks/ColorSyncLegacy.framework/Versions/A/ColorSyncLegacy
0x0000000000295000 	/System/Library/Frameworks/ApplicationServices.framework/Versions/A/Frameworks/HIServices.framework/Versions/A/HIServices
0x0000000000295000 	/System/Library/Frameworks/ApplicationServices.framework/Versions/A/Frameworks/LangAnalysis.framework/Versions/A/LangAnalysis
0x0000000000295000 	/System/Library/Frameworks/ApplicationServices.framework/Versions/A/Frameworks/PrintCore.framework/Versions/A/PrintCore
0x0000000000295000 	/System/Library/Frameworks/ApplicationServices.framework/Versions/A/Frameworks/QD.framework/Versions/A/QD
0x0000000000295000 	/System/Library/Frameworks/ApplicationServices.framework/Versions/A/Frameworks/SpeechSynthesis.framework/Versions/A/SpeechSynthesis
0x0000000000295000 	/System/Library/Frameworks/ApplicationServices.framework/Versions/A/Frameworks/ATSUI.framework/Versions/A/ATSUI
0x0000000000295000 	/usr/lib/libcups.2.dylib
0x0000000000295000 	/System/Library/PrivateFrameworks/NetAuth.framework/Versions/A/NetAuth
0x0000000000295000 	/System/Library/Frameworks/Kerberos.framework/Versions/A/Kerberos
0x0000000000295000 	/System/Library/Frameworks/GSS.framework/Versions/A/GSS
0x0000000000295000 	/usr/lib/libresolv.9.dylib
0x0000000000295000 	/System/Library/PrivateFrameworks/Heimdal.framework/Versions/A/Heimdal
0x0000000000295000 	/System/Library/Frameworks/Kerberos.framework/Versions/A/Libraries/libHeimdalProxy.dylib
0x0000000000295000 	/System/Library/Frameworks/Network.framework/Versions/A/Network
0x0000000000295000 	/usr/lib/libheimdal-asn1.dylib
0x0000000000295000 	/System/Library/PrivateFrameworks/CommonAuth.framework/Versions/A/CommonAuth
0x0000000000295000 	/System/Library/PrivateFrameworks/login.framework/Versions/A/Frameworks/loginsupport.framework/Versions/A/loginsupport
0x0000000000295000 	/System/Library/PrivateFrameworks/AudioSession.framework/Versions/A/AudioSession
0x0000000000295000 	/usr/lib/libAudioStatistics.dylib
0x0000000000295000 	/System/Library/PrivateFrameworks/MediaExperience.framework/Versions/A/MediaExperience
0x0000000000295000 	/System/Library/PrivateFrameworks/AudioSession.framework/libSessionUtility.dylib
0x0000000000295000 	/usr/lib/libperfcheck.dylib
0x0000000000295000 	/System/Library/PrivateFrameworks/AudioResourceArbitration.framework/Versions/A/AudioResourceArbitration
0x0000000000295000 	/System/Library/PrivateFrameworks/IconFoundation.framework/Versions/A/IconFoundation
0x0000000000295000 	/System/Library/PrivateFrameworks/SpeechRecognitionCore.framework/Versions/A/SpeechRecognitionCore
0x000000010e000000 	/Users/anders/Documents/curseforge/minecraft/Install/runtime/jre-legacy/mac-os/jre-legacy/jre.bundle/Contents/Home/lib/server/libjvm.dylib
0x0000000000295000 	/usr/lib/libstdc++.6.dylib
0x000000010bac8000 	/Users/anders/Documents/curseforge/minecraft/Install/runtime/jre-legacy/mac-os/jre-legacy/jre.bundle/Contents/Home/lib/libverify.dylib
0x000000010bad6000 	/Users/anders/Documents/curseforge/minecraft/Install/runtime/jre-legacy/mac-os/jre-legacy/jre.bundle/Contents/Home/lib/libjava.dylib
0x000000010bb55000 	/Users/anders/Documents/curseforge/minecraft/Install/runtime/jre-legacy/mac-os/jre-legacy/jre.bundle/Contents/Home/lib/libzip.dylib
0x0000000000295000 	/System/Library/Frameworks/JavaRuntimeSupport.framework/Versions/A/JavaRuntimeSupport
0x0000000000295000 	/System/Library/Frameworks/Carbon.framework/Versions/A/Carbon
0x0000000000295000 	/System/Library/PrivateFrameworks/CoreSymbolication.framework/Versions/A/CoreSymbolication
0x0000000000295000 	/System/Library/Frameworks/Carbon.framework/Versions/A/Frameworks/CommonPanels.framework/Versions/A/CommonPanels
0x0000000000295000 	/System/Library/Frameworks/Carbon.framework/Versions/A/Frameworks/Help.framework/Versions/A/Help
0x0000000000295000 	/System/Library/Frameworks/Carbon.framework/Versions/A/Frameworks/ImageCapture.framework/Versions/A/ImageCapture
0x0000000000295000 	/System/Library/Frameworks/Carbon.framework/Versions/A/Frameworks/OpenScripting.framework/Versions/A/OpenScripting
0x0000000000295000 	/System/Library/Frameworks/Carbon.framework/Versions/A/Frameworks/Ink.framework/Versions/A/Ink
0x0000000000295000 	/System/Library/Frameworks/Carbon.framework/Versions/A/Frameworks/Print.framework/Versions/A/Print
0x0000000000295000 	/System/Library/Frameworks/Carbon.framework/Versions/A/Frameworks/SecurityHI.framework/Versions/A/SecurityHI
0x0000000000295000 	/System/Library/PrivateFrameworks/DebugSymbols.framework/Versions/A/DebugSymbols
0x00000001191b1000 	/Users/anders/Documents/curseforge/minecraft/Install/runtime/jre-legacy/mac-os/jre-legacy/jre.bundle/Contents/Home/lib/libmanagement.dylib
0x00000001191bf000 	/Users/anders/Documents/curseforge/minecraft/Install/runtime/jre-legacy/mac-os/jre-legacy/jre.bundle/Contents/Home/lib/libnet.dylib
0x00000001191d6000 	/Users/anders/Documents/curseforge/minecraft/Install/runtime/jre-legacy/mac-os/jre-legacy/jre.bundle/Contents/Home/lib/libnio.dylib
0x000000012ad20000 	/Users/anders/Documents/curseforge/minecraft/Install/runtime/jre-legacy/mac-os/jre-legacy/jre.bundle/Contents/Home/lib/libunpack.dylib
0x000000012b339000 	/Users/anders/Documents/curseforge/minecraft/Install/runtime/jre-legacy/mac-os/jre-legacy/jre.bundle/Contents/Home/lib/libawt.dylib
0x000000012b3e1000 	/Users/anders/Documents/curseforge/minecraft/Install/runtime/jre-legacy/mac-os/jre-legacy/jre.bundle/Contents/Home/lib/libmlib_image.dylib
0x0000000000295000 	/System/Library/Frameworks/JavaNativeFoundation.framework/Versions/A/JavaNativeFoundation
0x000000012b4ad000 	/Users/anders/Documents/curseforge/minecraft/Install/runtime/jre-legacy/mac-os/jre-legacy/jre.bundle/Contents/Home/lib/libawt_lwawt.dylib
0x000000012b562000 	/Users/anders/Documents/curseforge/minecraft/Install/runtime/jre-legacy/mac-os/jre-legacy/jre.bundle/Contents/Home/lib/libosxapp.dylib
0x0000000000295000 	/System/Library/Frameworks/ExceptionHandling.framework/Versions/A/ExceptionHandling
0x0000000000295000 	/System/Library/PrivateFrameworks/CoreServicesInternal.framework/Versions/A/CoreServicesInternal
0x0000000000295000 	/System/Library/Frameworks/FileProvider.framework/Versions/A/FileProvider
0x0000000000295000 	/System/Library/Frameworks/Accounts.framework/Versions/A/Accounts
0x0000000000295000 	/System/Library/PrivateFrameworks/GenerationalStorage.framework/Versions/A/GenerationalStorage
0x0000000000295000 	/System/Library/PrivateFrameworks/SymptomDiagnosticReporter.framework/Versions/A/SymptomDiagnosticReporter
0x0000000000295000 	/System/Library/PrivateFrameworks/DesktopServicesPriv.framework/Versions/A/DesktopServicesPriv
0x0000000000295000 	/usr/lib/libsandbox.1.dylib
0x0000000000295000 	/System/Library/PrivateFrameworks/UserManagement.framework/Versions/A/UserManagement
0x0000000000295000 	/System/Library/PrivateFrameworks/MobileKeyBag.framework/Versions/A/MobileKeyBag
0x0000000000295000 	/System/Library/PrivateFrameworks/ChunkingLibrary.framework/Versions/A/ChunkingLibrary
0x0000000000295000 	/System/Library/PrivateFrameworks/Sharing.framework/Versions/A/Sharing
0x0000000000295000 	/System/Library/PrivateFrameworks/Apple80211.framework/Versions/A/Apple80211
0x0000000000295000 	/System/Library/PrivateFrameworks/AuthKit.framework/Versions/A/AuthKit
0x0000000000295000 	/System/Library/PrivateFrameworks/CoreUtils.framework/Versions/A/CoreUtils
0x0000000000295000 	/System/Library/Frameworks/CoreWLAN.framework/Versions/A/CoreWLAN
0x0000000000295000 	/System/Library/Frameworks/IOBluetooth.framework/Versions/A/IOBluetooth
0x0000000000295000 	/System/Library/PrivateFrameworks/CoreWiFi.framework/Versions/A/CoreWiFi
0x0000000000295000 	/System/Library/PrivateFrameworks/CorePhoneNumbers.framework/Versions/A/CorePhoneNumbers
0x0000000000295000 	/System/Library/PrivateFrameworks/DiskManagement.framework/Versions/A/DiskManagement
0x0000000000295000 	/System/Library/PrivateFrameworks/AppleIDAuthSupport.framework/Versions/A/AppleIDAuthSupport
0x0000000000295000 	/System/Library/PrivateFrameworks/KeychainCircle.framework/Versions/A/KeychainCircle
0x0000000000295000 	/System/Library/PrivateFrameworks/MediaKit.framework/Versions/A/MediaKit
0x0000000000295000 	/System/Library/Frameworks/DiscRecording.framework/Versions/A/DiscRecording
0x0000000000295000 	/usr/lib/libCoreStorage.dylib
0x0000000000295000 	/usr/lib/libcsfde.dylib
0x0000000000295000 	/System/Library/PrivateFrameworks/ProtectedCloudStorage.framework/Versions/A/ProtectedCloudStorage
0x0000000000295000 	/System/Library/PrivateFrameworks/EFILogin.framework/Versions/A/EFILogin
0x0000000000295000 	/System/Library/Frameworks/AudioUnit.framework/Versions/A/AudioUnit
0x0000000000295000 	/System/Library/Frameworks/CoreBluetooth.framework/Versions/A/CoreBluetooth
0x0000000000295000 	/usr/lib/libMatch.1.dylib
0x000000012caf9000 	/usr/lib/libobjc-trampolines.dylib
0x0000000000295000 	/System/Library/CoreServices/RawCamera.bundle/Contents/MacOS/RawCamera
0x0000000000295000 	/System/Library/PrivateFrameworks/MobileAsset.framework/Versions/A/MobileAsset
0x0000000000295000 	/System/Library/PrivateFrameworks/StreamingZip.framework/Versions/A/StreamingZip
0x0000000000295000 	/System/Library/Frameworks/MediaToolbox.framework/Versions/A/MediaToolbox
0x0000000000295000 	/System/Library/PrivateFrameworks/CoreAVCHD.framework/Versions/A/CoreAVCHD
0x0000000000295000 	/System/Library/Frameworks/MediaAccessibility.framework/Versions/A/MediaAccessibility
0x0000000000295000 	/System/Library/PrivateFrameworks/Mangrove.framework/Versions/A/Mangrove
0x0000000000295000 	/System/Library/PrivateFrameworks/AlgosScoreFramework.framework/Versions/A/AlgosScoreFramework
0x0000000000295000 	/System/Library/PrivateFrameworks/AppleVPA.framework/Versions/A/AppleVPA
0x0000000000295000 	/System/Library/PrivateFrameworks/CoreAUC.framework/Versions/A/CoreAUC
0x0000000000295000 	/System/Library/Frameworks/Accelerate.framework/Versions/A/Frameworks/vImage.framework/Versions/A/Libraries/libCGInterfaces.dylib
0x0000000000295000 	/System/Library/PrivateFrameworks/FamilyControls.framework/Versions/A/FamilyControls
0x0000000000295000 	/System/Library/PrivateFrameworks/CommerceKit.framework/Versions/A/Frameworks/CommerceCore.framework/Versions/A/CommerceCore
0x0000000000295000 	/System/Library/PrivateFrameworks/SystemAdministration.framework/Versions/A/SystemAdministration
0x0000000000295000 	/System/Library/PrivateFrameworks/AppContainer.framework/Versions/A/AppContainer
0x0000000000295000 	/System/Library/PrivateFrameworks/SecCodeWrapper.framework/Versions/A/SecCodeWrapper
0x0000000000295000 	/System/Library/PrivateFrameworks/CrashReporterSupport.framework/Versions/A/CrashReporterSupport
0x0000000000295000 	/System/Library/PrivateFrameworks/OSAnalytics.framework/Versions/A/OSAnalytics
0x0000000000295000 	/usr/lib/libRosetta.dylib
0x0000000000295000 	/System/Library/PrivateFrameworks/RemoteServiceDiscovery.framework/Versions/A/RemoteServiceDiscovery
0x0000000000295000 	/System/Library/PrivateFrameworks/Symbolication.framework/Versions/A/Symbolication
0x0000000000295000 	/System/Library/PrivateFrameworks/MallocStackLogging.framework/Versions/A/MallocStackLogging
0x0000000000295000 	/System/Library/PrivateFrameworks/login.framework/Versions/A/login
0x0000000000295000 	/System/Library/Frameworks/DirectoryService.framework/Versions/A/DirectoryService
0x0000000000295000 	/System/Library/PrivateFrameworks/DiskImages.framework/Versions/A/DiskImages
0x0000000000295000 	/System/Library/PrivateFrameworks/LoginUIKit.framework/Versions/A/Frameworks/LoginUICore.framework/Versions/A/LoginUICore
0x0000000000295000 	/usr/lib/libodfde.dylib
0x0000000000295000 	/usr/lib/libcurl.4.dylib
0x0000000000295000 	/usr/lib/libcrypto.44.dylib
0x0000000000295000 	/usr/lib/libssl.46.dylib
0x0000000000295000 	/System/Library/Frameworks/LDAP.framework/Versions/A/LDAP
0x0000000000295000 	/System/Library/PrivateFrameworks/TrustEvaluationAgent.framework/Versions/A/TrustEvaluationAgent
0x0000000000295000 	/usr/lib/libsasl2.2.dylib
0x0000000000295000 	/System/Library/PrivateFrameworks/CoreDaemon.framework/Versions/B/CoreDaemon
0x0000000000295000 	/System/Library/PrivateFrameworks/AppleSRP.framework/Versions/A/AppleSRP
0x0000000000295000 	/System/Library/PrivateFrameworks/ViewBridge.framework/Versions/A/ViewBridge
0x000000012f8df000 	/Users/anders/Documents/curseforge/minecraft/Install/runtime/jre-legacy/mac-os/jre-legacy/jre.bundle/Contents/Home/lib/libfontmanager.dylib
0x000000012f946000 	/Users/anders/Documents/curseforge/minecraft/Install/bin/33ee-a623-9915-5023/liblwjgl.dylib
0x000000012f9b8000 	/Users/anders/Documents/curseforge/minecraft/Install/runtime/jre-legacy/mac-os/jre-legacy/jre.bundle/Contents/Home/lib/libjawt.dylib
0x0000000000295000 	/System/Library/Frameworks/OpenGL.framework/Versions/A/Resources/GLEngine.bundle/GLEngine
0x0000000000295000 	/System/Library/Frameworks/OpenGL.framework/Versions/A/Libraries/libGLProgrammability.dylib
0x0000000000295000 	/System/Library/Extensions/AppleIntelKBLGraphicsGLDriver.bundle/Contents/MacOS/AppleIntelKBLGraphicsGLDriver
0x0000000000295000 	/System/Library/PrivateFrameworks/GPUSupport.framework/Versions/A/Libraries/libGPUSupportMercury.dylib
0x0000000000295000 	/System/Library/Frameworks/OpenGL.framework/Versions/A/Resources/GLRendererFloat.bundle/GLRendererFloat

VM Arguments:
jvm_args: -Djava.library.path=/Users/anders/Documents/curseforge/minecraft/Install/bin/33ee-a623-9915-5023 -Dminecraft.launcher.brand=minecraft-launcher -Dminecraft.launcher.version=2.3.173 -Dminecraft.client.jar=/Users/anders/Documents/curseforge/minecraft/Install/versions/1.12.2/1.12.2.jar -Xmx4096m -Xms256m -Dfml.ignorePatchDiscrepancies=true -Dfml.ignoreInvalidMinecraftCertificates=true -Duser.language=en -Duser.country=US -Dlog4j.configurationFile=/Users/anders/Documents/curseforge/minecraft/Install/assets/log_configs/client-1.12.xml 
java_command: net.minecraft.launchwrapper.Launch --username tilles --version forge-14.23.5.2860 --gameDir /Users/anders/Documents/curseforge/minecraft/Instances/Fires of Thaumaturgy --assetsDir /Users/anders/Documents/curseforge/minecraft/Install/assets --assetIndex 1.12 --uuid a21e57b58a084bb69cf282ddde402724 --accessToken eyJhbGciOiJIUzI1NiJ9.eyJ4dWlkIjoiMjUzNTQxNzU0MDY3MzkzNSIsImFnZyI6IkNoaWxkIiwic3ViIjoiZmJmYzA0MDUtOGVlYS00YjhlLWFlMzAtZGQwNjlmZmM5NDg2IiwibmJmIjoxNjUzMjM5MzQ1LCJhdXRoIjoiWEJPWCIsInJvbGVzIjpbXSwiaXNzIjoiYXV0aGVudGljYXRpb24iLCJleHAiOjE2NTMzMjU3NDUsImlhdCI6MTY1MzIzOTM0NSwicGxhdGZvcm0iOiJQQ19MQVVOQ0hFUiIsInl1aWQiOiI5NTY3NTA0ZGQwMTZlZTRkMjE3NzJhOTZjNDYwY2YwZSJ9.82cL6lFI3EQPhzMtQAE2n7IySmHsM9He9zHgFzrgXS8 --userType msa --tweakClass net.minecraftforge.fml.common.launcher.FMLTweaker --versionType Forge
java_class_path (initial): /Users/anders/Documents/curseforge/minecraft/Install/libraries/net/minecraftforge/forge/1.12.2-14.23.5.2860/forge-1.12.2-14.23.5.2860.jar:/Users/anders/Documents/curseforge/minecraft/Install/libraries/org/ow2/asm/asm-debug-all/5.2/asm-debug-all-5.2.jar:/Users/anders/Documents/curseforge/minecraft/Install/libraries/net/minecraft/launchwrapper/1.12/launchwrapper-1.12.jar:/Users/anders/Documents/curseforge/minecraft/Install/libraries/org/jline/jline/3.5.1/jline-3.5.1.jar:/Users/anders/Documents/curseforge/minecraft/Install/libraries/com/typesafe/akka/akka-actor_2.11/2.3.3/akka-actor_2.11-2.3.3.jar:/Users/anders/Documents/curseforge/minecraft/Install/libraries/com/typesafe/config/1.2.1/config-1.2.1.jar:/Users/anders/Documents/curseforge/minecraft/Install/libraries/org/scala-lang/scala-actors-migration_2.11/1.1.0/scala-actors-migration_2.11-1.1.0.jar:/Users/anders/Documents/curseforge/minecraft/Install/libraries/org/scala-lang/scala-compiler/2.11.1/scala-compiler-2.11.1.jar:/Users/anders/Documents/curseforge/minecraft/Install/libraries/org/scala-lang/plugins/scala-continuations-library_2.11/1.0.2_mc/scala-continuations-library_2.11-1.0.2_mc.jar:/Users/anders/Documents/curseforge/minecraft/Install/libraries/org/scala-lang/plugins/scala-continuations-plugin_2.11.1/1.0.2_mc/scala-continuations-plugin_2.11.1-1.0.2_mc.jar:/Users/anders/Documents/curseforge/minecraft/Install/libraries/org/scala-lang/scala-library/2.11.1/scala-library-2.11.1.jar:/Users/anders/Documents/curseforge/minecraft/Install/libraries/org/scala-lang/scala-parser-combinators_2.11/1.0.1/scala-parser-combinators_2.11-1.0.1.jar:/Users/anders/Documents/curseforge/minecraft/Install/libraries/org/scala-lang/scala-reflect/2.11.1/scala-reflect-2.11.1.jar:/Users/anders/Documents/curseforge/minecraft/Install/libraries/org/scala-lang/scala-swing_2.11/1.0.1/scala-swing_2.11-1.0.1.jar:/Users/anders/Documents/curseforge/minecraft/Install/libraries/org/scala-lang/scala-xml_2.11/1.0.2/scala-xm
Launcher Type: SUN_STANDARD

Environment Variables:
PATH=/usr/bin:/bin:/usr/sbin:/sbin
SHELL=/bin/zsh
DISPLAY=/private/tmp/com.apple.launchd.J2zifm3hDx/org.macosforge.xquartz:0

Signal Handlers:
SIGSEGV: [libjvm.dylib+0x5a6855], sa_mask[0]=11111111011111110111111111111111, sa_flags=SA_ONSTACK|SA_RESTART|SA_SIGINFO
SIGBUS: [libjvm.dylib+0x5a6855], sa_mask[0]=11111111011111110111111111111111, sa_flags=SA_RESTART|SA_SIGINFO
SIGFPE: [libjvm.dylib+0x4804ec], sa_mask[0]=11111111011111110111111111111111, sa_flags=SA_RESTART|SA_SIGINFO
SIGPIPE: [libjvm.dylib+0x4804ec], sa_mask[0]=11111111011111110111111111111111, sa_flags=SA_RESTART|SA_SIGINFO
SIGXFSZ: [libjvm.dylib+0x4804ec], sa_mask[0]=11111111011111110111111111111111, sa_flags=SA_RESTART|SA_SIGINFO
SIGILL: [libjvm.dylib+0x4804ec], sa_mask[0]=11111111011111110111111111111111, sa_flags=SA_RESTART|SA_SIGINFO
SIGUSR1: SIG_DFL, sa_mask[0]=00000000000000000000000000000000, sa_flags=none
SIGUSR2: [libjvm.dylib+0x48000a], sa_mask[0]=00000000000000000000000000000000, sa_flags=SA_RESTART|SA_SIGINFO
SIGHUP: [libjvm.dylib+0x47e5e1], sa_mask[0]=11111111011111110111111111111111, sa_flags=SA_RESTART|SA_SIGINFO
SIGINT: [libjvm.dylib+0x47e5e1], sa_mask[0]=11111111011111110111111111111111, sa_flags=SA_RESTART|SA_SIGINFO
SIGTERM: [libjvm.dylib+0x47e5e1], sa_mask[0]=11111111011111110111111111111111, sa_flags=SA_RESTART|SA_SIGINFO
SIGQUIT: [libjvm.dylib+0x47e5e1], sa_mask[0]=11111111011111110111111111111111, sa_flags=SA_RESTART|SA_SIGINFO


---------------  S Y S T E M  ---------------

OS:Bsduname:Darwin 20.6.0 Darwin Kernel Version 20.6.0: Tue Feb 22 21:10:41 PST 2022; root:xnu-7195.141.26~1/RELEASE_X86_64 x86_64
rlimit: STACK 8192k, CORE 0k, NPROC 2784, NOFILE 10240, AS infinity
load average:14.17 8.02 6.42

CPU:total 4 (2 cores per cpu, 2 threads per core) family 6 model 142 stepping 9, cmov, cx8, fxsr, mmx, sse, sse2, sse3, ssse3, sse4.1, sse4.2, popcnt, avx, avx2, aes, clmul, erms, 3dnowpref, lzcnt, ht, tsc, tscinvbit, bmi1, bmi2, adx

Memory: 4k page, physical 16777216k(185856k free)

/proc/meminfo:


vm_info: Java HotSpot(TM) 64-Bit Server VM (25.74-b02) for bsd-amd64 JRE (1.8.0_74-b02), built on Jan 29 2016 15:32:34 by "java_re" with gcc 4.2.1 (Based on Apple Inc. build 5658) (LLVM build 2336.11.00)

time: Sun May 22 10:09:18 2022
elapsed time: 12 seconds (0d 0h 0m 12s)

